<?xml version="1.0" encoding="utf-8"?>
<!DOCTYPE coverage SYSTEM "http://cobertura.sourceforge.net/xml/coverage-04.dtd">
<coverage line-rate="0.49149922720247297" branch-rate="0.32786885245901637" lines-covered="636" lines-valid="1294" branches-covered="100" branches-valid="305" complexity="308" version="0" timestamp="1615323464">
  <sources />
  <packages>
    <package name="labor10" line-rate="0.2618510158013544" branch-rate="0.2924901185770751" complexity="220">
      <classes>
        <class name="labor10.Building" filename="C:\labor10\labor10\Building.cs" line-rate="0.8571428571428571" branch-rate="0.9" complexity="6">
          <methods>
            <method name="Year" signature="()" line-rate="1" branch-rate="1" complexity="NaN">
              <lines>
                <line number="15" hits="8" branch="false" />
                <line number="16" hits="8" branch="false" />
                <line number="17" hits="8" branch="false" />
              </lines>
            </method>
            <method name="Year" signature="(System.Int32)" line-rate="1" branch-rate="1" complexity="NaN">
              <lines>
                <line number="19" hits="3" branch="false" />
                <line number="20" hits="3" branch="true" condition-coverage="100% (2/2)" />
                <line number="21" hits="1" branch="false" />
                <line number="22" hits="2" branch="true" condition-coverage="100% (2/2)" />
                <line number="23" hits="1" branch="false" />
                <line number="25" hits="1" branch="false" />
                <line number="26" hits="3" branch="false" />
              </lines>
            </method>
            <method name="CountFloors" signature="()" line-rate="1" branch-rate="1" complexity="NaN">
              <lines>
                <line number="39" hits="3" branch="false" />
                <line number="40" hits="3" branch="false" />
                <line number="41" hits="3" branch="false" />
              </lines>
            </method>
            <method name="CountFloors" signature="(System.Int32)" line-rate="1" branch-rate="1" complexity="NaN">
              <lines>
                <line number="43" hits="2" branch="false" />
                <line number="44" hits="2" branch="true" condition-coverage="100% (2/2)" />
                <line number="45" hits="1" branch="false" />
                <line number="47" hits="1" branch="false" />
                <line number="48" hits="2" branch="false" />
              </lines>
            </method>
            <method name=".ctor" signature="()" line-rate="1" branch-rate="1" complexity="1">
              <lines>
                <line number="52" hits="5" branch="false" />
                <line number="53" hits="5" branch="false" />
                <line number="54" hits="5" branch="false" />
                <line number="55" hits="5" branch="false" />
                <line number="56" hits="5" branch="false" />
                <line number="57" hits="5" branch="false" />
                <line number="58" hits="5" branch="false" />
              </lines>
            </method>
            <method name=".ctor" signature="(System.Int32,System.String,System.Int32,System.Int32)" line-rate="1" branch-rate="1" complexity="NaN">
              <lines>
                <line number="60" hits="10" branch="false" />
                <line number="61" hits="10" branch="false" />
                <line number="62" hits="10" branch="false" />
                <line number="63" hits="10" branch="false" />
                <line number="64" hits="10" branch="false" />
                <line number="65" hits="10" branch="false" />
                <line number="66" hits="10" branch="false" />
              </lines>
            </method>
            <method name="Init" signature="()" line-rate="0" branch-rate="1" complexity="1">
              <lines>
                <line number="69" hits="0" branch="false" />
                <line number="70" hits="0" branch="false" />
                <line number="71" hits="0" branch="false" />
                <line number="72" hits="0" branch="false" />
                <line number="73" hits="0" branch="false" />
                <line number="74" hits="0" branch="false" />
                <line number="76" hits="0" branch="false" />
              </lines>
            </method>
            <method name="ToString" signature="()" line-rate="1" branch-rate="1" complexity="1">
              <lines>
                <line number="79" hits="1" branch="false" />
                <line number="80" hits="1" branch="false" />
                <line number="81" hits="1" branch="false" />
              </lines>
            </method>
            <method name="Equals" signature="(System.Object)" line-rate="0.8571428571428571" branch-rate="0.75" complexity="NaN">
              <lines>
                <line number="84" hits="4" branch="false" />
                <line number="85" hits="4" branch="true" condition-coverage="50% (1/2)" />
                <line number="86" hits="4" branch="false" />
                <line number="87" hits="4" branch="false" />
                <line number="88" hits="4" branch="true" condition-coverage="100% (2/2)" />
                <line number="90" hits="0" branch="false" />
                <line number="91" hits="4" branch="false" />
              </lines>
            </method>
            <method name="Clone" signature="()" line-rate="1" branch-rate="1" complexity="1">
              <lines>
                <line number="95" hits="1" branch="false" />
                <line number="96" hits="1" branch="false" />
                <line number="97" hits="1" branch="false" />
              </lines>
            </method>
            <method name="SwallowCopy" signature="()" line-rate="1" branch-rate="1" complexity="1">
              <lines>
                <line number="101" hits="1" branch="false" />
                <line number="102" hits="1" branch="false" />
                <line number="103" hits="1" branch="false" />
              </lines>
            </method>
            <method name=".cctor" signature="()" line-rate="1" branch-rate="1" complexity="1">
              <lines>
                <line number="33" hits="1" branch="false" />
              </lines>
            </method>
          </methods>
          <lines>
            <line number="15" hits="8" branch="false" />
            <line number="16" hits="8" branch="false" />
            <line number="17" hits="8" branch="false" />
            <line number="19" hits="3" branch="false" />
            <line number="20" hits="3" branch="true" condition-coverage="100% (2/2)" />
            <line number="21" hits="1" branch="false" />
            <line number="22" hits="2" branch="true" condition-coverage="100% (2/2)" />
            <line number="23" hits="1" branch="false" />
            <line number="25" hits="1" branch="false" />
            <line number="26" hits="3" branch="false" />
            <line number="33" hits="1" branch="false" />
            <line number="39" hits="3" branch="false" />
            <line number="40" hits="3" branch="false" />
            <line number="41" hits="3" branch="false" />
            <line number="43" hits="2" branch="false" />
            <line number="44" hits="2" branch="true" condition-coverage="100% (2/2)" />
            <line number="45" hits="1" branch="false" />
            <line number="47" hits="1" branch="false" />
            <line number="48" hits="2" branch="false" />
            <line number="52" hits="5" branch="false" />
            <line number="53" hits="5" branch="false" />
            <line number="54" hits="5" branch="false" />
            <line number="55" hits="5" branch="false" />
            <line number="56" hits="5" branch="false" />
            <line number="57" hits="5" branch="false" />
            <line number="58" hits="5" branch="false" />
            <line number="60" hits="10" branch="false" />
            <line number="61" hits="10" branch="false" />
            <line number="62" hits="10" branch="false" />
            <line number="63" hits="10" branch="false" />
            <line number="64" hits="10" branch="false" />
            <line number="65" hits="10" branch="false" />
            <line number="66" hits="10" branch="false" />
            <line number="69" hits="0" branch="false" />
            <line number="70" hits="0" branch="false" />
            <line number="71" hits="0" branch="false" />
            <line number="72" hits="0" branch="false" />
            <line number="73" hits="0" branch="false" />
            <line number="74" hits="0" branch="false" />
            <line number="76" hits="0" branch="false" />
            <line number="79" hits="1" branch="false" />
            <line number="80" hits="1" branch="false" />
            <line number="81" hits="1" branch="false" />
            <line number="84" hits="4" branch="false" />
            <line number="85" hits="4" branch="true" condition-coverage="50% (1/2)" />
            <line number="86" hits="4" branch="false" />
            <line number="87" hits="4" branch="false" />
            <line number="88" hits="4" branch="true" condition-coverage="100% (2/2)" />
            <line number="90" hits="0" branch="false" />
            <line number="91" hits="4" branch="false" />
            <line number="95" hits="1" branch="false" />
            <line number="96" hits="1" branch="false" />
            <line number="97" hits="1" branch="false" />
            <line number="101" hits="1" branch="false" />
            <line number="102" hits="1" branch="false" />
            <line number="103" hits="1" branch="false" />
          </lines>
        </class>
        <class name="labor10.CorrespondenceStudent" filename="C:\labor10\labor10\CorrespondenceStudent.cs" line-rate="0.5964912280701754" branch-rate="0.75" complexity="7">
          <methods>
            <method name="PriceOfStudying" signature="()" line-rate="1" branch-rate="1" complexity="NaN">
              <lines>
                <line number="15" hits="12" branch="false" />
              </lines>
            </method>
            <method name="PriceOfStudying" signature="(System.Int32)" line-rate="1" branch-rate="1" complexity="NaN">
              <lines>
                <line number="17" hits="2" branch="false" />
                <line number="18" hits="2" branch="true" condition-coverage="100% (2/2)" />
                <line number="19" hits="1" branch="false" />
                <line number="21" hits="1" branch="false" />
                <line number="22" hits="2" branch="false" />
              </lines>
            </method>
            <method name=".ctor" signature="()" line-rate="1" branch-rate="1" complexity="1">
              <lines>
                <line number="27" hits="5" branch="false" />
                <line number="28" hits="5" branch="false" />
                <line number="29" hits="5" branch="false" />
                <line number="30" hits="5" branch="false" />
              </lines>
            </method>
            <method name=".ctor" signature="(System.Int32,System.Int32,System.Int32,System.Int32,System.String,System.String,System.Int32,System.Int32)" line-rate="1" branch-rate="1" complexity="NaN">
              <lines>
                <line number="34" hits="10" branch="false" />
                <line number="35" hits="10" branch="false" />
                <line number="36" hits="10" branch="false" />
                <line number="37" hits="10" branch="false" />
              </lines>
            </method>
            <method name="ShowSimple" signature="()" line-rate="0" branch-rate="1" complexity="1">
              <lines>
                <line number="41" hits="0" branch="false" />
                <line number="42" hits="0" branch="false" />
                <line number="43" hits="0" branch="false" />
                <line number="44" hits="0" branch="false" />
                <line number="45" hits="0" branch="false" />
              </lines>
            </method>
            <method name="ShowVirt" signature="()" line-rate="0" branch-rate="1" complexity="1">
              <lines>
                <line number="48" hits="0" branch="false" />
                <line number="49" hits="0" branch="false" />
                <line number="50" hits="0" branch="false" />
                <line number="51" hits="0" branch="false" />
                <line number="52" hits="0" branch="false" />
              </lines>
            </method>
            <method name="Init" signature="()" line-rate="0" branch-rate="1" complexity="1">
              <lines>
                <line number="56" hits="0" branch="false" />
                <line number="57" hits="0" branch="false" />
                <line number="58" hits="0" branch="false" />
                <line number="59" hits="0" branch="false" />
                <line number="60" hits="0" branch="false" />
                <line number="61" hits="0" branch="false" />
                <line number="62" hits="0" branch="false" />
                <line number="63" hits="0" branch="false" />
                <line number="64" hits="0" branch="false" />
                <line number="65" hits="0" branch="false" />
              </lines>
            </method>
            <method name="ToString" signature="()" line-rate="1" branch-rate="1" complexity="1">
              <lines>
                <line number="69" hits="1" branch="false" />
                <line number="70" hits="1" branch="false" />
                <line number="71" hits="1" branch="false" />
              </lines>
            </method>
            <method name="Equals" signature="(System.Object)" line-rate="1" branch-rate="0.6875" complexity="NaN">
              <lines>
                <line number="74" hits="3" branch="false" />
                <line number="75" hits="3" branch="true" condition-coverage="100% (2/2)" />
                <line number="76" hits="2" branch="false" />
                <line number="77" hits="2" branch="false" />
                <line number="78" hits="2" branch="true" condition-coverage="64% (9/14)" />
                <line number="79" hits="2" branch="false" />
                <line number="80" hits="2" branch="false" />
                <line number="82" hits="1" branch="false" />
                <line number="83" hits="3" branch="false" />
              </lines>
            </method>
            <method name="CompareTo" signature="(System.Object)" line-rate="1" branch-rate="1" complexity="NaN">
              <lines>
                <line number="86" hits="2" branch="false" />
                <line number="87" hits="2" branch="true" condition-coverage="100% (2/2)" />
                <line number="88" hits="1" branch="false" />
                <line number="89" hits="1" branch="false" />
                <line number="90" hits="1" branch="false" />
                <line number="93" hits="1" branch="false" />
                <line number="94" hits="1" branch="false" />
              </lines>
            </method>
            <method name="GetHashCode" signature="()" line-rate="0" branch-rate="1" complexity="1">
              <lines>
                <line number="97" hits="0" branch="false" />
                <line number="98" hits="0" branch="false" />
                <line number="99" hits="0" branch="false" />
              </lines>
            </method>
            <method name=".cctor" signature="()" line-rate="1" branch-rate="1" complexity="1">
              <lines>
                <line number="25" hits="1" branch="false" />
              </lines>
            </method>
          </methods>
          <lines>
            <line number="15" hits="12" branch="false" />
            <line number="17" hits="2" branch="false" />
            <line number="18" hits="2" branch="true" condition-coverage="100% (2/2)" />
            <line number="19" hits="1" branch="false" />
            <line number="21" hits="1" branch="false" />
            <line number="22" hits="2" branch="false" />
            <line number="25" hits="1" branch="false" />
            <line number="27" hits="5" branch="false" />
            <line number="28" hits="5" branch="false" />
            <line number="29" hits="5" branch="false" />
            <line number="30" hits="5" branch="false" />
            <line number="34" hits="10" branch="false" />
            <line number="35" hits="10" branch="false" />
            <line number="36" hits="10" branch="false" />
            <line number="37" hits="10" branch="false" />
            <line number="41" hits="0" branch="false" />
            <line number="42" hits="0" branch="false" />
            <line number="43" hits="0" branch="false" />
            <line number="44" hits="0" branch="false" />
            <line number="45" hits="0" branch="false" />
            <line number="48" hits="0" branch="false" />
            <line number="49" hits="0" branch="false" />
            <line number="50" hits="0" branch="false" />
            <line number="51" hits="0" branch="false" />
            <line number="52" hits="0" branch="false" />
            <line number="56" hits="0" branch="false" />
            <line number="57" hits="0" branch="false" />
            <line number="58" hits="0" branch="false" />
            <line number="59" hits="0" branch="false" />
            <line number="60" hits="0" branch="false" />
            <line number="61" hits="0" branch="false" />
            <line number="62" hits="0" branch="false" />
            <line number="63" hits="0" branch="false" />
            <line number="64" hits="0" branch="false" />
            <line number="65" hits="0" branch="false" />
            <line number="69" hits="1" branch="false" />
            <line number="70" hits="1" branch="false" />
            <line number="71" hits="1" branch="false" />
            <line number="74" hits="3" branch="false" />
            <line number="75" hits="3" branch="true" condition-coverage="100% (2/2)" />
            <line number="76" hits="2" branch="false" />
            <line number="77" hits="2" branch="false" />
            <line number="78" hits="2" branch="true" condition-coverage="64% (9/14)" />
            <line number="79" hits="2" branch="false" />
            <line number="80" hits="2" branch="false" />
            <line number="82" hits="1" branch="false" />
            <line number="83" hits="3" branch="false" />
            <line number="86" hits="2" branch="false" />
            <line number="87" hits="2" branch="true" condition-coverage="100% (2/2)" />
            <line number="88" hits="1" branch="false" />
            <line number="89" hits="1" branch="false" />
            <line number="90" hits="1" branch="false" />
            <line number="93" hits="1" branch="false" />
            <line number="94" hits="1" branch="false" />
            <line number="97" hits="0" branch="false" />
            <line number="98" hits="0" branch="false" />
            <line number="99" hits="0" branch="false" />
          </lines>
        </class>
        <class name="labor10.Passport" filename="C:\labor10\labor10\Passport.cs" line-rate="1" branch-rate="1" complexity="NaN">
          <methods>
            <method name="sery" signature="()" line-rate="1" branch-rate="1" complexity="NaN">
              <lines>
                <line number="14" hits="15" branch="false" />
              </lines>
            </method>
            <method name="sery" signature="(System.Int32)" line-rate="1" branch-rate="1" complexity="NaN">
              <lines>
                <line number="16" hits="2" branch="false" />
                <line number="17" hits="2" branch="true" condition-coverage="100% (4/4)" />
                <line number="18" hits="1" branch="false" />
                <line number="20" hits="1" branch="false" />
                <line number="22" hits="2" branch="false" />
              </lines>
            </method>
            <method name=".ctor" signature="(System.Int32)" line-rate="1" branch-rate="1" complexity="NaN">
              <lines>
                <line number="24" hits="22" branch="false" />
                <line number="25" hits="22" branch="false" />
                <line number="26" hits="22" branch="false" />
                <line number="27" hits="22" branch="false" />
              </lines>
            </method>
          </methods>
          <lines>
            <line number="14" hits="15" branch="false" />
            <line number="16" hits="2" branch="false" />
            <line number="17" hits="2" branch="true" condition-coverage="100% (4/4)" />
            <line number="18" hits="1" branch="false" />
            <line number="20" hits="1" branch="false" />
            <line number="22" hits="2" branch="false" />
            <line number="24" hits="22" branch="false" />
            <line number="25" hits="22" branch="false" />
            <line number="26" hits="22" branch="false" />
            <line number="27" hits="22" branch="false" />
          </lines>
        </class>
        <class name="labor10.Person" filename="C:\labor10\labor10\Person.cs" line-rate="0.8095238095238095" branch-rate="0.8125" complexity="5">
          <methods>
            <method name="Age" signature="()" line-rate="1" branch-rate="1" complexity="NaN">
              <lines>
                <line number="15" hits="45" branch="false" />
              </lines>
            </method>
            <method name="Age" signature="(System.Int32)" line-rate="1" branch-rate="1" complexity="NaN">
              <lines>
                <line number="17" hits="2" branch="false" />
                <line number="18" hits="2" branch="true" condition-coverage="100% (2/2)" />
                <line number="19" hits="1" branch="false" />
                <line number="21" hits="1" branch="false" />
                <line number="22" hits="2" branch="false" />
              </lines>
            </method>
            <method name="Height" signature="()" line-rate="1" branch-rate="1" complexity="NaN">
              <lines>
                <line number="28" hits="42" branch="false" />
              </lines>
            </method>
            <method name="Height" signature="(System.Int32)" line-rate="1" branch-rate="1" complexity="NaN">
              <lines>
                <line number="30" hits="4" branch="false" />
                <line number="31" hits="4" branch="true" condition-coverage="100% (2/2)" />
                <line number="32" hits="2" branch="false" />
                <line number="34" hits="2" branch="false" />
                <line number="35" hits="4" branch="false" />
              </lines>
            </method>
            <method name="Weight" signature="()" line-rate="1" branch-rate="1" complexity="NaN">
              <lines>
                <line number="41" hits="39" branch="false" />
              </lines>
            </method>
            <method name="Weight" signature="(System.Int32)" line-rate="1" branch-rate="1" complexity="NaN">
              <lines>
                <line number="43" hits="2" branch="false" />
                <line number="44" hits="2" branch="true" condition-coverage="100% (2/2)" />
                <line number="45" hits="1" branch="false" />
                <line number="47" hits="1" branch="false" />
                <line number="48" hits="2" branch="false" />
              </lines>
            </method>
            <method name=".ctor" signature="()" line-rate="0.6521739130434783" branch-rate="1" complexity="NaN">
              <lines>
                <line number="56" hits="25" branch="false" />
                <line number="57" hits="25" branch="false" />
                <line number="58" hits="25" branch="false" />
                <line number="59" hits="25" branch="false" />
                <line number="60" hits="25" branch="false" />
                <line number="61" hits="25" branch="false" />
                <line number="62" hits="25" branch="false" />
                <line number="64" hits="37" branch="false" />
                <line number="65" hits="37" branch="false" />
                <line number="66" hits="37" branch="false" />
                <line number="67" hits="37" branch="false" />
                <line number="68" hits="37" branch="false" />
                <line number="69" hits="37" branch="false" />
                <line number="70" hits="37" branch="false" />
                <line number="74" hits="0" branch="false" />
                <line number="75" hits="0" branch="false" />
                <line number="76" hits="0" branch="false" />
                <line number="77" hits="0" branch="false" />
                <line number="80" hits="0" branch="false" />
                <line number="81" hits="0" branch="false" />
                <line number="82" hits="0" branch="false" />
                <line number="83" hits="0" branch="false" />
                <line number="85" hits="62" branch="false" />
              </lines>
            </method>
            <method name=".ctor" signature="(System.String,System.Int32,System.Int32,System.Int32)" line-rate="0.5" branch-rate="1" complexity="NaN">
              <lines>
                <line number="64" hits="37" branch="false" />
                <line number="65" hits="37" branch="false" />
                <line number="66" hits="37" branch="false" />
                <line number="67" hits="37" branch="false" />
                <line number="68" hits="37" branch="false" />
                <line number="69" hits="37" branch="false" />
                <line number="70" hits="37" branch="false" />
                <line number="74" hits="0" branch="false" />
                <line number="75" hits="0" branch="false" />
                <line number="76" hits="0" branch="false" />
                <line number="77" hits="0" branch="false" />
                <line number="80" hits="0" branch="false" />
                <line number="81" hits="0" branch="false" />
                <line number="82" hits="0" branch="false" />
                <line number="83" hits="0" branch="false" />
                <line number="85" hits="62" branch="false" />
              </lines>
            </method>
            <method name="ShowSimple" signature="()" line-rate="0" branch-rate="1" complexity="1">
              <lines>
                <line number="74" hits="0" branch="false" />
                <line number="75" hits="0" branch="false" />
                <line number="76" hits="0" branch="false" />
                <line number="77" hits="0" branch="false" />
              </lines>
            </method>
            <method name="ShowVirt" signature="()" line-rate="0" branch-rate="1" complexity="1">
              <lines>
                <line number="80" hits="0" branch="false" />
                <line number="81" hits="0" branch="false" />
                <line number="82" hits="0" branch="false" />
                <line number="83" hits="0" branch="false" />
              </lines>
            </method>
            <method name="Init" signature="()" line-rate="0" branch-rate="1" complexity="1">
              <lines>
                <line number="89" hits="0" branch="false" />
                <line number="90" hits="0" branch="false" />
                <line number="91" hits="0" branch="false" />
                <line number="92" hits="0" branch="false" />
              </lines>
            </method>
            <method name="ToString" signature="()" line-rate="1" branch-rate="1" complexity="1">
              <lines>
                <line number="96" hits="1" branch="false" />
                <line number="97" hits="1" branch="false" />
                <line number="98" hits="1" branch="false" />
              </lines>
            </method>
            <method name="Equals" signature="(System.Object)" line-rate="1" branch-rate="0.625" complexity="NaN">
              <lines>
                <line number="101" hits="2" branch="false" />
                <line number="102" hits="2" branch="true" condition-coverage="100% (2/2)" />
                <line number="103" hits="1" branch="false" />
                <line number="104" hits="1" branch="false" />
                <line number="105" hits="1" branch="true" condition-coverage="50% (3/6)" />
                <line number="107" hits="1" branch="false" />
                <line number="108" hits="2" branch="false" />
              </lines>
            </method>
            <method name="CompareTo" signature="(System.Object)" line-rate="1" branch-rate="1" complexity="NaN">
              <lines>
                <line number="111" hits="2" branch="false" />
                <line number="112" hits="2" branch="true" condition-coverage="100% (2/2)" />
                <line number="113" hits="1" branch="false" />
                <line number="114" hits="1" branch="false" />
                <line number="115" hits="1" branch="false" />
                <line number="118" hits="1" branch="false" />
                <line number="119" hits="1" branch="false" />
              </lines>
            </method>
            <method name=".cctor" signature="()" line-rate="1" branch-rate="1" complexity="1">
              <lines>
                <line number="53" hits="1" branch="false" />
              </lines>
            </method>
          </methods>
          <lines>
            <line number="15" hits="45" branch="false" />
            <line number="17" hits="2" branch="false" />
            <line number="18" hits="2" branch="true" condition-coverage="100% (2/2)" />
            <line number="19" hits="1" branch="false" />
            <line number="21" hits="1" branch="false" />
            <line number="22" hits="2" branch="false" />
            <line number="28" hits="42" branch="false" />
            <line number="30" hits="4" branch="false" />
            <line number="31" hits="4" branch="true" condition-coverage="100% (2/2)" />
            <line number="32" hits="2" branch="false" />
            <line number="34" hits="2" branch="false" />
            <line number="35" hits="4" branch="false" />
            <line number="41" hits="39" branch="false" />
            <line number="43" hits="2" branch="false" />
            <line number="44" hits="2" branch="true" condition-coverage="100% (2/2)" />
            <line number="45" hits="1" branch="false" />
            <line number="47" hits="1" branch="false" />
            <line number="48" hits="2" branch="false" />
            <line number="53" hits="1" branch="false" />
            <line number="56" hits="25" branch="false" />
            <line number="57" hits="25" branch="false" />
            <line number="58" hits="25" branch="false" />
            <line number="59" hits="25" branch="false" />
            <line number="60" hits="25" branch="false" />
            <line number="61" hits="25" branch="false" />
            <line number="62" hits="25" branch="false" />
            <line number="64" hits="37" branch="false" />
            <line number="65" hits="37" branch="false" />
            <line number="66" hits="37" branch="false" />
            <line number="67" hits="37" branch="false" />
            <line number="68" hits="37" branch="false" />
            <line number="69" hits="37" branch="false" />
            <line number="70" hits="37" branch="false" />
            <line number="74" hits="0" branch="false" />
            <line number="75" hits="0" branch="false" />
            <line number="76" hits="0" branch="false" />
            <line number="77" hits="0" branch="false" />
            <line number="80" hits="0" branch="false" />
            <line number="81" hits="0" branch="false" />
            <line number="82" hits="0" branch="false" />
            <line number="83" hits="0" branch="false" />
            <line number="85" hits="62" branch="false" />
            <line number="89" hits="0" branch="false" />
            <line number="90" hits="0" branch="false" />
            <line number="91" hits="0" branch="false" />
            <line number="92" hits="0" branch="false" />
            <line number="96" hits="1" branch="false" />
            <line number="97" hits="1" branch="false" />
            <line number="98" hits="1" branch="false" />
            <line number="101" hits="2" branch="false" />
            <line number="102" hits="2" branch="true" condition-coverage="100% (2/2)" />
            <line number="103" hits="1" branch="false" />
            <line number="104" hits="1" branch="false" />
            <line number="105" hits="1" branch="true" condition-coverage="50% (3/6)" />
            <line number="107" hits="1" branch="false" />
            <line number="108" hits="2" branch="false" />
            <line number="111" hits="2" branch="false" />
            <line number="112" hits="2" branch="true" condition-coverage="100% (2/2)" />
            <line number="113" hits="1" branch="false" />
            <line number="114" hits="1" branch="false" />
            <line number="115" hits="1" branch="false" />
            <line number="118" hits="1" branch="false" />
            <line number="119" hits="1" branch="false" />
          </lines>
        </class>
        <class name="labor10.Program" filename="C:\labor10\labor10\Program.cs" line-rate="0" branch-rate="0" complexity="65">
          <methods>
            <method name="ParseInt" signature="(System.String)" line-rate="0" branch-rate="0" complexity="NaN">
              <lines>
                <line number="12" hits="0" branch="false" />
                <line number="15" hits="0" branch="false" />
                <line number="17" hits="0" branch="false" />
                <line number="18" hits="0" branch="false" />
                <line number="19" hits="0" branch="false" />
                <line number="20" hits="0" branch="true" condition-coverage="0% (0/2)" />
                <line number="21" hits="0" branch="false" />
                <line number="22" hits="0" branch="false" />
                <line number="23" hits="0" branch="true" condition-coverage="0% (0/2)" />
                <line number="24" hits="0" branch="false" />
                <line number="25" hits="0" branch="false" />
              </lines>
            </method>
            <method name="ParseDouble" signature="(System.String)" line-rate="0" branch-rate="0" complexity="NaN">
              <lines>
                <line number="28" hits="0" branch="false" />
                <line number="31" hits="0" branch="false" />
                <line number="33" hits="0" branch="false" />
                <line number="34" hits="0" branch="false" />
                <line number="35" hits="0" branch="false" />
                <line number="36" hits="0" branch="true" condition-coverage="0% (0/2)" />
                <line number="37" hits="0" branch="false" />
                <line number="38" hits="0" branch="false" />
                <line number="39" hits="0" branch="true" condition-coverage="0% (0/2)" />
                <line number="40" hits="0" branch="false" />
                <line number="41" hits="0" branch="false" />
              </lines>
            </method>
            <method name="Menu" signature="()" line-rate="0" branch-rate="1" complexity="1">
              <lines>
                <line number="45" hits="0" branch="false" />
                <line number="46" hits="0" branch="false" />
                <line number="47" hits="0" branch="false" />
                <line number="48" hits="0" branch="false" />
                <line number="49" hits="0" branch="false" />
                <line number="50" hits="0" branch="false" />
                <line number="51" hits="0" branch="false" />
                <line number="52" hits="0" branch="false" />
                <line number="53" hits="0" branch="false" />
                <line number="54" hits="0" branch="false" />
                <line number="55" hits="0" branch="false" />
              </lines>
            </method>
            <method name="Output1" signature="()" line-rate="0" branch-rate="1" complexity="1">
              <lines>
                <line number="58" hits="0" branch="false" />
                <line number="59" hits="0" branch="false" />
                <line number="60" hits="0" branch="false" />
                <line number="61" hits="0" branch="false" />
                <line number="62" hits="0" branch="false" />
                <line number="64" hits="0" branch="false" />
                <line number="66" hits="0" branch="false" />
              </lines>
            </method>
            <method name="Output2" signature="()" line-rate="0" branch-rate="1" complexity="1">
              <lines>
                <line number="69" hits="0" branch="false" />
                <line number="70" hits="0" branch="false" />
                <line number="71" hits="0" branch="false" />
                <line number="73" hits="0" branch="false" />
                <line number="74" hits="0" branch="false" />
                <line number="75" hits="0" branch="false" />
                <line number="77" hits="0" branch="false" />
                <line number="78" hits="0" branch="false" />
                <line number="79" hits="0" branch="false" />
                <line number="80" hits="0" branch="false" />
              </lines>
            </method>
            <method name="Output3" signature="()" line-rate="0" branch-rate="1" complexity="1">
              <lines>
                <line number="83" hits="0" branch="false" />
                <line number="84" hits="0" branch="false" />
                <line number="85" hits="0" branch="false" />
                <line number="86" hits="0" branch="false" />
                <line number="88" hits="0" branch="false" />
                <line number="89" hits="0" branch="false" />
                <line number="90" hits="0" branch="false" />
                <line number="91" hits="0" branch="false" />
                <line number="93" hits="0" branch="false" />
                <line number="94" hits="0" branch="false" />
                <line number="95" hits="0" branch="false" />
                <line number="96" hits="0" branch="false" />
              </lines>
            </method>
            <method name="Output4" signature="()" line-rate="0" branch-rate="1" complexity="1">
              <lines>
                <line number="99" hits="0" branch="false" />
                <line number="100" hits="0" branch="false" />
                <line number="101" hits="0" branch="false" />
                <line number="102" hits="0" branch="false" />
                <line number="104" hits="0" branch="false" />
                <line number="105" hits="0" branch="false" />
                <line number="107" hits="0" branch="false" />
                <line number="108" hits="0" branch="false" />
                <line number="109" hits="0" branch="false" />
              </lines>
            </method>
            <method name="CountSchoolesIn133School" signature="(labor10.IInit[])" line-rate="0" branch-rate="0" complexity="NaN">
              <lines>
                <line number="112" hits="0" branch="false" />
                <line number="113" hits="0" branch="false" />
                <line number="114" hits="0" branch="false" />
                <line number="115" hits="0" branch="false" />
                <line number="116" hits="0" branch="false" />
                <line number="117" hits="0" branch="true" condition-coverage="0% (0/2)" />
                <line number="118" hits="0" branch="false" />
                <line number="119" hits="0" branch="false" />
                <line number="120" hits="0" branch="true" condition-coverage="0% (0/2)" />
                <line number="121" hits="0" branch="false" />
                <line number="122" hits="0" branch="false" />
                <line number="123" hits="0" branch="false" />
                <line number="124" hits="0" branch="false" />
                <line number="125" hits="0" branch="false" />
                <line number="126" hits="0" branch="false" />
              </lines>
            </method>
            <method name="AmountScholarshipInHSE" signature="(labor10.IInit[])" line-rate="0" branch-rate="0" complexity="NaN">
              <lines>
                <line number="129" hits="0" branch="false" />
                <line number="130" hits="0" branch="false" />
                <line number="131" hits="0" branch="false" />
                <line number="132" hits="0" branch="false" />
                <line number="133" hits="0" branch="false" />
                <line number="134" hits="0" branch="true" condition-coverage="0% (0/2)" />
                <line number="135" hits="0" branch="false" />
                <line number="136" hits="0" branch="false" />
                <line number="137" hits="0" branch="true" condition-coverage="0% (0/2)" />
                <line number="138" hits="0" branch="false" />
                <line number="139" hits="0" branch="false" />
                <line number="140" hits="0" branch="false" />
                <line number="141" hits="0" branch="false" />
                <line number="142" hits="0" branch="false" />
                <line number="143" hits="0" branch="false" />
              </lines>
            </method>
            <method name="CorrespStudOf3CourseInPSU" signature="(labor10.IInit[])" line-rate="0" branch-rate="0" complexity="NaN">
              <lines>
                <line number="146" hits="0" branch="false" />
                <line number="147" hits="0" branch="false" />
                <line number="148" hits="0" branch="false" />
                <line number="149" hits="0" branch="false" />
                <line number="150" hits="0" branch="false" />
                <line number="151" hits="0" branch="true" condition-coverage="0% (0/2)" />
                <line number="152" hits="0" branch="false" />
                <line number="153" hits="0" branch="false" />
                <line number="154" hits="0" branch="true" condition-coverage="0% (0/4)" />
                <line number="155" hits="0" branch="false" />
                <line number="156" hits="0" branch="false" />
                <line number="157" hits="0" branch="false" />
                <line number="158" hits="0" branch="false" />
                <line number="159" hits="0" branch="false" />
                <line number="160" hits="0" branch="false" />
              </lines>
            </method>
            <method name="AverageHeightIn135School" signature="(labor10.IInit[])" line-rate="0" branch-rate="0" complexity="NaN">
              <lines>
                <line number="163" hits="0" branch="false" />
                <line number="164" hits="0" branch="false" />
                <line number="165" hits="0" branch="false" />
                <line number="166" hits="0" branch="false" />
                <line number="167" hits="0" branch="false" />
                <line number="168" hits="0" branch="false" />
                <line number="169" hits="0" branch="true" condition-coverage="0% (0/2)" />
                <line number="170" hits="0" branch="false" />
                <line number="171" hits="0" branch="false" />
                <line number="172" hits="0" branch="true" condition-coverage="0% (0/2)" />
                <line number="173" hits="0" branch="false" />
                <line number="174" hits="0" branch="false" />
                <line number="175" hits="0" branch="false" />
                <line number="176" hits="0" branch="false" />
                <line number="177" hits="0" branch="false" />
                <line number="178" hits="0" branch="false" />
                <line number="179" hits="0" branch="true" condition-coverage="0% (0/2)" />
                <line number="180" hits="0" branch="false" />
                <line number="181" hits="0" branch="false" />
                <line number="182" hits="0" branch="false" />
                <line number="185" hits="0" branch="false" />
                <line number="186" hits="0" branch="false" />
                <line number="187" hits="0" branch="false" />
                <line number="189" hits="0" branch="false" />
              </lines>
            </method>
            <method name="MaxPriceOfEducatInPSU" signature="(labor10.IInit[])" line-rate="0" branch-rate="0" complexity="NaN">
              <lines>
                <line number="192" hits="0" branch="false" />
                <line number="193" hits="0" branch="false" />
                <line number="194" hits="0" branch="false" />
                <line number="195" hits="0" branch="false" />
                <line number="196" hits="0" branch="false" />
                <line number="197" hits="0" branch="true" condition-coverage="0% (0/2)" />
                <line number="198" hits="0" branch="false" />
                <line number="199" hits="0" branch="false" />
                <line number="200" hits="0" branch="true" condition-coverage="0% (0/2)" />
                <line number="201" hits="0" branch="false" />
                <line number="202" hits="0" branch="true" condition-coverage="0% (0/2)" />
                <line number="203" hits="0" branch="false" />
                <line number="204" hits="0" branch="false" />
                <line number="205" hits="0" branch="false" />
                <line number="206" hits="0" branch="false" />
                <line number="207" hits="0" branch="true" condition-coverage="0% (0/2)" />
                <line number="208" hits="0" branch="false" />
                <line number="209" hits="0" branch="false" />
                <line number="210" hits="0" branch="false" />
                <line number="213" hits="0" branch="false" />
                <line number="214" hits="0" branch="false" />
                <line number="215" hits="0" branch="false" />
                <line number="217" hits="0" branch="false" />
              </lines>
            </method>
            <method name="MinStudAgeInHSE" signature="(labor10.IInit[])" line-rate="0" branch-rate="0" complexity="NaN">
              <lines>
                <line number="220" hits="0" branch="false" />
                <line number="221" hits="0" branch="false" />
                <line number="222" hits="0" branch="false" />
                <line number="223" hits="0" branch="false" />
                <line number="224" hits="0" branch="false" />
                <line number="225" hits="0" branch="true" condition-coverage="0% (0/2)" />
                <line number="226" hits="0" branch="false" />
                <line number="227" hits="0" branch="false" />
                <line number="228" hits="0" branch="true" condition-coverage="0% (0/2)" />
                <line number="229" hits="0" branch="true" condition-coverage="0% (0/2)" />
                <line number="230" hits="0" branch="false" />
                <line number="231" hits="0" branch="false" />
                <line number="232" hits="0" branch="false" />
                <line number="233" hits="0" branch="true" condition-coverage="0% (0/2)" />
                <line number="234" hits="0" branch="false" />
                <line number="235" hits="0" branch="false" />
                <line number="236" hits="0" branch="false" />
                <line number="239" hits="0" branch="false" />
                <line number="240" hits="0" branch="false" />
                <line number="241" hits="0" branch="false" />
                <line number="243" hits="0" branch="false" />
              </lines>
            </method>
            <method name="AverageWeightStudInPSU" signature="(labor10.IInit[])" line-rate="0" branch-rate="0" complexity="NaN">
              <lines>
                <line number="246" hits="0" branch="false" />
                <line number="247" hits="0" branch="false" />
                <line number="248" hits="0" branch="false" />
                <line number="249" hits="0" branch="false" />
                <line number="250" hits="0" branch="false" />
                <line number="251" hits="0" branch="false" />
                <line number="252" hits="0" branch="true" condition-coverage="0% (0/2)" />
                <line number="253" hits="0" branch="false" />
                <line number="254" hits="0" branch="false" />
                <line number="255" hits="0" branch="true" condition-coverage="0% (0/2)" />
                <line number="256" hits="0" branch="false" />
                <line number="257" hits="0" branch="false" />
                <line number="258" hits="0" branch="false" />
                <line number="259" hits="0" branch="false" />
                <line number="260" hits="0" branch="false" />
                <line number="261" hits="0" branch="false" />
                <line number="262" hits="0" branch="true" condition-coverage="0% (0/2)" />
                <line number="263" hits="0" branch="false" />
                <line number="264" hits="0" branch="false" />
                <line number="265" hits="0" branch="false" />
                <line number="268" hits="0" branch="false" />
                <line number="269" hits="0" branch="false" />
                <line number="270" hits="0" branch="false" />
                <line number="272" hits="0" branch="false" />
              </lines>
            </method>
            <method name="DemonstrCloneAndCopy" signature="()" line-rate="0" branch-rate="0" complexity="13">
              <lines>
                <line number="275" hits="0" branch="false" />
                <line number="276" hits="0" branch="false" />
                <line number="277" hits="0" branch="false" />
                <line number="279" hits="0" branch="false" />
                <line number="280" hits="0" branch="false" />
                <line number="281" hits="0" branch="false" />
                <line number="282" hits="0" branch="true" condition-coverage="0% (0/2)" />
                <line number="284" hits="0" branch="false" />
                <line number="285" hits="0" branch="false" />
                <line number="286" hits="0" branch="false" />
                <line number="287" hits="0" branch="false" />
                <line number="288" hits="0" branch="true" condition-coverage="0% (0/2)" />
                <line number="289" hits="0" branch="true" condition-coverage="0% (0/2)" />
                <line number="290" hits="0" branch="false" />
                <line number="291" hits="0" branch="false" />
                <line number="292" hits="0" branch="false" />
                <line number="293" hits="0" branch="false" />
                <line number="295" hits="0" branch="false" />
                <line number="296" hits="0" branch="false" />
                <line number="297" hits="0" branch="false" />
                <line number="298" hits="0" branch="true" condition-coverage="0% (0/2)" />
                <line number="300" hits="0" branch="false" />
                <line number="301" hits="0" branch="false" />
                <line number="302" hits="0" branch="false" />
                <line number="303" hits="0" branch="false" />
                <line number="304" hits="0" branch="true" condition-coverage="0% (0/2)" />
                <line number="305" hits="0" branch="true" condition-coverage="0% (0/2)" />
                <line number="306" hits="0" branch="false" />
                <line number="307" hits="0" branch="false" />
                <line number="308" hits="0" branch="false" />
                <line number="309" hits="0" branch="false" />
                <line number="310" hits="0" branch="false" />
              </lines>
            </method>
            <method name="CreateRandomArray" signature="()" line-rate="0" branch-rate="0" complexity="5">
              <lines>
                <line number="313" hits="0" branch="false" />
                <line number="314" hits="0" branch="false" />
                <line number="315" hits="0" branch="true" condition-coverage="0% (0/2)" />
                <line number="316" hits="0" branch="false" />
                <line number="317" hits="0" branch="true" condition-coverage="0% (0/2)" />
                <line number="318" hits="0" branch="false" />
                <line number="319" hits="0" branch="false" />
                <line number="320" hits="0" branch="false" />
                <line number="321" hits="0" branch="false" />
                <line number="322" hits="0" branch="false" />
                <line number="323" hits="0" branch="true" condition-coverage="0% (0/2)" />
                <line number="324" hits="0" branch="false" />
                <line number="325" hits="0" branch="false" />
                <line number="326" hits="0" branch="false" />
                <line number="327" hits="0" branch="false" />
                <line number="328" hits="0" branch="false" />
                <line number="329" hits="0" branch="true" condition-coverage="0% (0/2)" />
                <line number="330" hits="0" branch="false" />
                <line number="331" hits="0" branch="false" />
                <line number="332" hits="0" branch="false" />
                <line number="333" hits="0" branch="false" />
                <line number="334" hits="0" branch="false" />
                <line number="335" hits="0" branch="false" />
                <line number="336" hits="0" branch="false" />
                <line number="337" hits="0" branch="false" />
              </lines>
            </method>
            <method name="OutputIInitArray" signature="(labor10.IInit[])" line-rate="0" branch-rate="0" complexity="NaN">
              <lines>
                <line number="340" hits="0" branch="false" />
                <line number="341" hits="0" branch="false" />
                <line number="342" hits="0" branch="true" condition-coverage="0% (0/2)" />
                <line number="343" hits="0" branch="false" />
                <line number="344" hits="0" branch="true" condition-coverage="0% (0/2)" />
                <line number="345" hits="0" branch="true" condition-coverage="0% (0/2)" />
                <line number="346" hits="0" branch="false" />
                <line number="347" hits="0" branch="false" />
                <line number="348" hits="0" branch="false" />
                <line number="349" hits="0" branch="false" />
              </lines>
            </method>
            <method name="BinarySearchDemonstr" signature="()" line-rate="0" branch-rate="0" complexity="9">
              <lines>
                <line number="352" hits="0" branch="false" />
                <line number="353" hits="0" branch="false" />
                <line number="354" hits="0" branch="true" condition-coverage="0% (0/2)" />
                <line number="355" hits="0" branch="false" />
                <line number="356" hits="0" branch="false" />
                <line number="357" hits="0" branch="false" />
                <line number="358" hits="0" branch="false" />
                <line number="360" hits="0" branch="false" />
                <line number="361" hits="0" branch="true" condition-coverage="0% (0/2)" />
                <line number="362" hits="0" branch="true" condition-coverage="0% (0/2)" />
                <line number="364" hits="0" branch="false" />
                <line number="367" hits="0" branch="false" />
                <line number="369" hits="0" branch="true" condition-coverage="0% (0/2)" />
                <line number="370" hits="0" branch="true" condition-coverage="0% (0/2)" />
                <line number="372" hits="0" branch="false" />
                <line number="373" hits="0" branch="false" />
                <line number="374" hits="0" branch="false" />
                <line number="375" hits="0" branch="false" />
                <line number="376" hits="0" branch="true" condition-coverage="0% (0/2)" />
                <line number="377" hits="0" branch="false" />
                <line number="379" hits="0" branch="false" />
                <line number="380" hits="0" branch="false" />
              </lines>
            </method>
            <method name="Menu3" signature="()" line-rate="0" branch-rate="1" complexity="1">
              <lines>
                <line number="384" hits="0" branch="false" />
                <line number="385" hits="0" branch="false" />
                <line number="386" hits="0" branch="false" />
                <line number="387" hits="0" branch="false" />
                <line number="388" hits="0" branch="false" />
                <line number="389" hits="0" branch="false" />
                <line number="390" hits="0" branch="false" />
                <line number="391" hits="0" branch="false" />
                <line number="392" hits="0" branch="false" />
                <line number="393" hits="0" branch="false" />
              </lines>
            </method>
            <method name="ArrayOfIInit" signature="()" line-rate="0" branch-rate="0" complexity="10">
              <lines>
                <line number="396" hits="0" branch="false" />
                <line number="397" hits="0" branch="false" />
                <line number="398" hits="0" branch="false" />
                <line number="399" hits="0" branch="false" />
                <line number="400" hits="0" branch="true" condition-coverage="0% (0/2)" />
                <line number="401" hits="0" branch="false" />
                <line number="402" hits="0" branch="true" condition-coverage="0% (0/2)" />
                <line number="403" hits="0" branch="false" />
                <line number="404" hits="0" branch="false" />
                <line number="405" hits="0" branch="false" />
                <line number="406" hits="0" branch="false" />
                <line number="407" hits="0" branch="false" />
                <line number="408" hits="0" branch="true" condition-coverage="0% (0/2)" />
                <line number="409" hits="0" branch="false" />
                <line number="410" hits="0" branch="false" />
                <line number="411" hits="0" branch="false" />
                <line number="412" hits="0" branch="false" />
                <line number="413" hits="0" branch="false" />
                <line number="414" hits="0" branch="true" condition-coverage="0% (0/2)" />
                <line number="415" hits="0" branch="false" />
                <line number="416" hits="0" branch="false" />
                <line number="417" hits="0" branch="false" />
                <line number="418" hits="0" branch="false" />
                <line number="419" hits="0" branch="false" />
                <line number="420" hits="0" branch="true" condition-coverage="0% (0/2)" />
                <line number="421" hits="0" branch="false" />
                <line number="422" hits="0" branch="false" />
                <line number="423" hits="0" branch="false" />
                <line number="424" hits="0" branch="false" />
                <line number="425" hits="0" branch="false" />
                <line number="426" hits="0" branch="false" />
                <line number="427" hits="0" branch="false" />
                <line number="428" hits="0" branch="true" condition-coverage="0% (0/2)" />
                <line number="429" hits="0" branch="false" />
                <line number="430" hits="0" branch="true" condition-coverage="0% (0/2)" />
                <line number="431" hits="0" branch="true" condition-coverage="0% (0/2)" />
                <line number="432" hits="0" branch="true" condition-coverage="0% (0/2)" />
                <line number="433" hits="0" branch="false" />
                <line number="434" hits="0" branch="false" />
                <line number="435" hits="0" branch="false" />
                <line number="436" hits="0" branch="false" />
                <line number="437" hits="0" branch="false" />
              </lines>
            </method>
            <method name="DemonstrIComparable" signature="()" line-rate="0" branch-rate="0" complexity="4">
              <lines>
                <line number="440" hits="0" branch="false" />
                <line number="441" hits="0" branch="false" />
                <line number="443" hits="0" branch="true" condition-coverage="0% (0/2)" />
                <line number="444" hits="0" branch="false" />
                <line number="445" hits="0" branch="false" />
                <line number="446" hits="0" branch="false" />
                <line number="447" hits="0" branch="false" />
                <line number="448" hits="0" branch="false" />
                <line number="449" hits="0" branch="false" />
                <line number="450" hits="0" branch="false" />
                <line number="452" hits="0" branch="false" />
                <line number="453" hits="0" branch="false" />
                <line number="454" hits="0" branch="false" />
                <line number="456" hits="0" branch="false" />
                <line number="458" hits="0" branch="false" />
                <line number="459" hits="0" branch="false" />
                <line number="460" hits="0" branch="false" />
                <line number="461" hits="0" branch="false" />
                <line number="462" hits="0" branch="false" />
                <line number="463" hits="0" branch="false" />
                <line number="464" hits="0" branch="false" />
              </lines>
            </method>
            <method name="DemonstrSortByPrice" signature="()" line-rate="0" branch-rate="0" complexity="4">
              <lines>
                <line number="467" hits="0" branch="false" />
                <line number="468" hits="0" branch="false" />
                <line number="469" hits="0" branch="true" condition-coverage="0% (0/2)" />
                <line number="470" hits="0" branch="false" />
                <line number="471" hits="0" branch="false" />
                <line number="472" hits="0" branch="false" />
                <line number="473" hits="0" branch="false" />
                <line number="474" hits="0" branch="false" />
                <line number="476" hits="0" branch="false" />
                <line number="477" hits="0" branch="false" />
                <line number="478" hits="0" branch="false" />
                <line number="479" hits="0" branch="false" />
                <line number="481" hits="0" branch="false" />
                <line number="483" hits="0" branch="false" />
                <line number="485" hits="0" branch="false" />
                <line number="486" hits="0" branch="false" />
                <line number="487" hits="0" branch="false" />
                <line number="488" hits="0" branch="false" />
                <line number="490" hits="0" branch="false" />
                <line number="491" hits="0" branch="false" />
              </lines>
            </method>
            <method name="DemonstrSortByGrade" signature="()" line-rate="0" branch-rate="0" complexity="4">
              <lines>
                <line number="494" hits="0" branch="false" />
                <line number="495" hits="0" branch="false" />
                <line number="496" hits="0" branch="true" condition-coverage="0% (0/2)" />
                <line number="497" hits="0" branch="false" />
                <line number="498" hits="0" branch="false" />
                <line number="499" hits="0" branch="false" />
                <line number="500" hits="0" branch="false" />
                <line number="501" hits="0" branch="false" />
                <line number="503" hits="0" branch="false" />
                <line number="504" hits="0" branch="false" />
                <line number="505" hits="0" branch="false" />
                <line number="506" hits="0" branch="false" />
                <line number="508" hits="0" branch="false" />
                <line number="510" hits="0" branch="false" />
                <line number="512" hits="0" branch="false" />
                <line number="513" hits="0" branch="false" />
                <line number="514" hits="0" branch="false" />
                <line number="515" hits="0" branch="false" />
                <line number="517" hits="0" branch="false" />
                <line number="518" hits="0" branch="false" />
              </lines>
            </method>
            <method name="DemonstrSortByHeight" signature="()" line-rate="0" branch-rate="0" complexity="4">
              <lines>
                <line number="521" hits="0" branch="false" />
                <line number="522" hits="0" branch="false" />
                <line number="523" hits="0" branch="true" condition-coverage="0% (0/2)" />
                <line number="524" hits="0" branch="false" />
                <line number="525" hits="0" branch="false" />
                <line number="526" hits="0" branch="false" />
                <line number="527" hits="0" branch="false" />
                <line number="528" hits="0" branch="false" />
                <line number="530" hits="0" branch="false" />
                <line number="531" hits="0" branch="false" />
                <line number="532" hits="0" branch="false" />
                <line number="533" hits="0" branch="false" />
                <line number="535" hits="0" branch="false" />
                <line number="537" hits="0" branch="false" />
                <line number="539" hits="0" branch="false" />
                <line number="540" hits="0" branch="false" />
                <line number="541" hits="0" branch="false" />
                <line number="542" hits="0" branch="false" />
                <line number="544" hits="0" branch="false" />
                <line number="545" hits="0" branch="false" />
              </lines>
            </method>
            <method name="CreateArrPart3" signature="()" line-rate="0" branch-rate="0" complexity="6">
              <lines>
                <line number="548" hits="0" branch="false" />
                <line number="549" hits="0" branch="false" />
                <line number="550" hits="0" branch="true" condition-coverage="0% (0/2)" />
                <line number="551" hits="0" branch="false" />
                <line number="552" hits="0" branch="true" condition-coverage="0% (0/2)" />
                <line number="553" hits="0" branch="false" />
                <line number="554" hits="0" branch="false" />
                <line number="555" hits="0" branch="false" />
                <line number="556" hits="0" branch="false" />
                <line number="557" hits="0" branch="false" />
                <line number="558" hits="0" branch="true" condition-coverage="0% (0/2)" />
                <line number="559" hits="0" branch="false" />
                <line number="560" hits="0" branch="false" />
                <line number="561" hits="0" branch="false" />
                <line number="562" hits="0" branch="false" />
                <line number="563" hits="0" branch="false" />
                <line number="564" hits="0" branch="true" condition-coverage="0% (0/2)" />
                <line number="565" hits="0" branch="false" />
                <line number="566" hits="0" branch="false" />
                <line number="567" hits="0" branch="false" />
                <line number="568" hits="0" branch="false" />
                <line number="569" hits="0" branch="false" />
                <line number="570" hits="0" branch="true" condition-coverage="0% (0/2)" />
                <line number="571" hits="0" branch="false" />
                <line number="572" hits="0" branch="false" />
                <line number="573" hits="0" branch="false" />
                <line number="574" hits="0" branch="false" />
                <line number="575" hits="0" branch="false" />
                <line number="576" hits="0" branch="false" />
                <line number="577" hits="0" branch="false" />
                <line number="578" hits="0" branch="false" />
              </lines>
            </method>
            <method name="Main" signature="(System.String[])" line-rate="0" branch-rate="0" complexity="NaN">
              <lines>
                <line number="581" hits="0" branch="false" />
                <line number="583" hits="0" branch="false" />
                <line number="584" hits="0" branch="false" />
                <line number="585" hits="0" branch="false" />
                <line number="587" hits="0" branch="false" />
                <line number="588" hits="0" branch="false" />
                <line number="590" hits="0" branch="false" />
                <line number="591" hits="0" branch="false" />
                <line number="593" hits="0" branch="false" />
                <line number="594" hits="0" branch="false" />
                <line number="596" hits="0" branch="false" />
                <line number="597" hits="0" branch="false" />
                <line number="599" hits="0" branch="false" />
                <line number="601" hits="0" branch="false" />
                <line number="602" hits="0" branch="false" />
                <line number="603" hits="0" branch="false" />
                <line number="604" hits="0" branch="false" />
                <line number="605" hits="0" branch="false" />
                <line number="606" hits="0" branch="false" />
                <line number="608" hits="0" branch="false" />
                <line number="610" hits="0" branch="false" />
                <line number="611" hits="0" branch="false" />
                <line number="612" hits="0" branch="false" />
                <line number="613" hits="0" branch="false" />
                <line number="614" hits="0" branch="false" />
                <line number="615" hits="0" branch="false" />
                <line number="616" hits="0" branch="false" />
                <line number="619" hits="0" branch="false" />
                <line number="622" hits="0" branch="false" />
                <line number="624" hits="0" branch="false" />
                <line number="627" hits="0" branch="false" />
                <line number="628" hits="0" branch="true" condition-coverage="0% (0/2)" />
                <line number="629" hits="0" branch="false" />
                <line number="630" hits="0" branch="false" />
                <line number="631" hits="0" branch="false" />
                <line number="632" hits="0" branch="false" />
                <line number="633" hits="0" branch="true" condition-coverage="0% (0/9)" />
                <line number="636" hits="0" branch="false" />
                <line number="637" hits="0" branch="false" />
                <line number="639" hits="0" branch="false" />
                <line number="640" hits="0" branch="false" />
                <line number="642" hits="0" branch="false" />
                <line number="643" hits="0" branch="false" />
                <line number="645" hits="0" branch="false" />
                <line number="646" hits="0" branch="false" />
                <line number="648" hits="0" branch="false" />
                <line number="649" hits="0" branch="false" />
                <line number="651" hits="0" branch="false" />
                <line number="652" hits="0" branch="false" />
                <line number="654" hits="0" branch="false" />
                <line number="655" hits="0" branch="false" />
                <line number="657" hits="0" branch="false" />
                <line number="658" hits="0" branch="false" />
                <line number="660" hits="0" branch="false" />
                <line number="661" hits="0" branch="false" />
                <line number="663" hits="0" branch="true" condition-coverage="0% (0/2)" />
                <line number="664" hits="0" branch="false" />
                <line number="667" hits="0" branch="false" />
                <line number="669" hits="0" branch="false" />
                <line number="671" hits="0" branch="false" />
                <line number="673" hits="0" branch="false" />
                <line number="674" hits="0" branch="true" condition-coverage="0% (0/2)" />
                <line number="675" hits="0" branch="false" />
                <line number="676" hits="0" branch="false" />
                <line number="677" hits="0" branch="false" />
                <line number="678" hits="0" branch="false" />
                <line number="679" hits="0" branch="true" condition-coverage="0% (0/8)" />
                <line number="682" hits="0" branch="false" />
                <line number="683" hits="0" branch="false" />
                <line number="685" hits="0" branch="false" />
                <line number="686" hits="0" branch="false" />
                <line number="688" hits="0" branch="false" />
                <line number="689" hits="0" branch="false" />
                <line number="691" hits="0" branch="false" />
                <line number="692" hits="0" branch="false" />
                <line number="694" hits="0" branch="false" />
                <line number="695" hits="0" branch="false" />
                <line number="697" hits="0" branch="false" />
                <line number="698" hits="0" branch="false" />
                <line number="700" hits="0" branch="false" />
                <line number="701" hits="0" branch="false" />
                <line number="703" hits="0" branch="false" />
                <line number="704" hits="0" branch="false" />
                <line number="706" hits="0" branch="true" condition-coverage="0% (0/2)" />
                <line number="707" hits="0" branch="false" />
                <line number="708" hits="0" branch="false" />
                <line number="712" hits="0" branch="false" />
              </lines>
            </method>
          </methods>
          <lines>
            <line number="12" hits="0" branch="false" />
            <line number="15" hits="0" branch="false" />
            <line number="17" hits="0" branch="false" />
            <line number="18" hits="0" branch="false" />
            <line number="19" hits="0" branch="false" />
            <line number="20" hits="0" branch="true" condition-coverage="0% (0/2)" />
            <line number="21" hits="0" branch="false" />
            <line number="22" hits="0" branch="false" />
            <line number="23" hits="0" branch="true" condition-coverage="0% (0/2)" />
            <line number="24" hits="0" branch="false" />
            <line number="25" hits="0" branch="false" />
            <line number="28" hits="0" branch="false" />
            <line number="31" hits="0" branch="false" />
            <line number="33" hits="0" branch="false" />
            <line number="34" hits="0" branch="false" />
            <line number="35" hits="0" branch="false" />
            <line number="36" hits="0" branch="true" condition-coverage="0% (0/2)" />
            <line number="37" hits="0" branch="false" />
            <line number="38" hits="0" branch="false" />
            <line number="39" hits="0" branch="true" condition-coverage="0% (0/2)" />
            <line number="40" hits="0" branch="false" />
            <line number="41" hits="0" branch="false" />
            <line number="45" hits="0" branch="false" />
            <line number="46" hits="0" branch="false" />
            <line number="47" hits="0" branch="false" />
            <line number="48" hits="0" branch="false" />
            <line number="49" hits="0" branch="false" />
            <line number="50" hits="0" branch="false" />
            <line number="51" hits="0" branch="false" />
            <line number="52" hits="0" branch="false" />
            <line number="53" hits="0" branch="false" />
            <line number="54" hits="0" branch="false" />
            <line number="55" hits="0" branch="false" />
            <line number="58" hits="0" branch="false" />
            <line number="59" hits="0" branch="false" />
            <line number="60" hits="0" branch="false" />
            <line number="61" hits="0" branch="false" />
            <line number="62" hits="0" branch="false" />
            <line number="64" hits="0" branch="false" />
            <line number="66" hits="0" branch="false" />
            <line number="69" hits="0" branch="false" />
            <line number="70" hits="0" branch="false" />
            <line number="71" hits="0" branch="false" />
            <line number="73" hits="0" branch="false" />
            <line number="74" hits="0" branch="false" />
            <line number="75" hits="0" branch="false" />
            <line number="77" hits="0" branch="false" />
            <line number="78" hits="0" branch="false" />
            <line number="79" hits="0" branch="false" />
            <line number="80" hits="0" branch="false" />
            <line number="83" hits="0" branch="false" />
            <line number="84" hits="0" branch="false" />
            <line number="85" hits="0" branch="false" />
            <line number="86" hits="0" branch="false" />
            <line number="88" hits="0" branch="false" />
            <line number="89" hits="0" branch="false" />
            <line number="90" hits="0" branch="false" />
            <line number="91" hits="0" branch="false" />
            <line number="93" hits="0" branch="false" />
            <line number="94" hits="0" branch="false" />
            <line number="95" hits="0" branch="false" />
            <line number="96" hits="0" branch="false" />
            <line number="99" hits="0" branch="false" />
            <line number="100" hits="0" branch="false" />
            <line number="101" hits="0" branch="false" />
            <line number="102" hits="0" branch="false" />
            <line number="104" hits="0" branch="false" />
            <line number="105" hits="0" branch="false" />
            <line number="107" hits="0" branch="false" />
            <line number="108" hits="0" branch="false" />
            <line number="109" hits="0" branch="false" />
            <line number="112" hits="0" branch="false" />
            <line number="113" hits="0" branch="false" />
            <line number="114" hits="0" branch="false" />
            <line number="115" hits="0" branch="false" />
            <line number="116" hits="0" branch="false" />
            <line number="117" hits="0" branch="true" condition-coverage="0% (0/2)" />
            <line number="118" hits="0" branch="false" />
            <line number="119" hits="0" branch="false" />
[...]
            <line number="176" hits="1" branch="false" />
            <line number="177" hits="1" branch="false" />
            <line number="181" hits="1" branch="false" />
            <line number="183" hits="1" branch="false" />
            <line number="185" hits="1" branch="false" />
            <line number="186" hits="1" branch="false" />
            <line number="189" hits="1" branch="false" />
            <line number="190" hits="1" branch="false" />
            <line number="194" hits="1" branch="false" />
            <line number="196" hits="1" branch="false" />
            <line number="197" hits="1" branch="false" />
            <line number="198" hits="1" branch="false" />
            <line number="199" hits="1" branch="false" />
            <line number="200" hits="1" branch="false" />
            <line number="201" hits="1" branch="false" />
            <line number="202" hits="1" branch="false" />
            <line number="204" hits="1" branch="false" />
            <line number="207" hits="1" branch="true" condition-coverage="50% (6/12)" />
            <line number="208" hits="1" branch="false" />
            <line number="209" hits="1" branch="false" />
            <line number="214" hits="1" branch="false" />
            <line number="216" hits="1" branch="false" />
            <line number="218" hits="1" branch="false" />
            <line number="219" hits="1" branch="false" />
            <line number="222" hits="1" branch="false" />
            <line number="223" hits="1" branch="false" />
            <line number="227" hits="1" branch="false" />
            <line number="229" hits="1" branch="false" />
            <line number="231" hits="1" branch="false" />
            <line number="232" hits="1" branch="false" />
            <line number="235" hits="1" branch="false" />
            <line number="236" hits="1" branch="false" />
            <line number="240" hits="1" branch="false" />
            <line number="242" hits="1" branch="false" />
            <line number="244" hits="1" branch="false" />
            <line number="245" hits="1" branch="false" />
            <line number="248" hits="1" branch="false" />
            <line number="249" hits="1" branch="false" />
            <line number="253" hits="1" branch="false" />
            <line number="255" hits="1" branch="false" />
            <line number="257" hits="1" branch="false" />
            <line number="258" hits="1" branch="false" />
            <line number="261" hits="1" branch="false" />
            <line number="262" hits="1" branch="false" />
            <line number="266" hits="1" branch="false" />
            <line number="268" hits="1" branch="false" />
            <line number="270" hits="1" branch="false" />
            <line number="271" hits="1" branch="false" />
            <line number="274" hits="1" branch="false" />
            <line number="275" hits="1" branch="false" />
            <line number="279" hits="1" branch="false" />
            <line number="281" hits="1" branch="false" />
            <line number="282" hits="1" branch="false" />
            <line number="283" hits="1" branch="false" />
            <line number="284" hits="1" branch="false" />
            <line number="285" hits="1" branch="false" />
            <line number="286" hits="1" branch="false" />
            <line number="288" hits="1" branch="false" />
            <line number="291" hits="1" branch="true" condition-coverage="50% (5/10)" />
            <line number="292" hits="1" branch="false" />
            <line number="293" hits="1" branch="false" />
            <line number="298" hits="1" branch="false" />
            <line number="300" hits="1" branch="false" />
            <line number="302" hits="1" branch="false" />
            <line number="303" hits="1" branch="false" />
            <line number="306" hits="1" branch="false" />
            <line number="307" hits="1" branch="false" />
            <line number="311" hits="1" branch="false" />
            <line number="313" hits="1" branch="false" />
            <line number="315" hits="1" branch="false" />
            <line number="316" hits="1" branch="false" />
            <line number="319" hits="1" branch="false" />
            <line number="320" hits="1" branch="false" />
            <line number="324" hits="1" branch="false" />
            <line number="326" hits="1" branch="false" />
            <line number="328" hits="1" branch="false" />
            <line number="329" hits="1" branch="false" />
            <line number="332" hits="1" branch="false" />
            <line number="333" hits="1" branch="false" />
            <line number="337" hits="1" branch="false" />
            <line number="339" hits="1" branch="false" />
            <line number="341" hits="1" branch="false" />
            <line number="342" hits="1" branch="false" />
            <line number="345" hits="1" branch="false" />
            <line number="346" hits="1" branch="false" />
            <line number="350" hits="1" branch="false" />
            <line number="352" hits="1" branch="false" />
            <line number="354" hits="1" branch="false" />
            <line number="355" hits="1" branch="false" />
            <line number="358" hits="1" branch="false" />
            <line number="359" hits="1" branch="false" />
            <line number="363" hits="1" branch="false" />
            <line number="365" hits="1" branch="false" />
            <line number="366" hits="1" branch="false" />
            <line number="367" hits="1" branch="false" />
            <line number="368" hits="1" branch="false" />
            <line number="369" hits="1" branch="false" />
            <line number="370" hits="1" branch="false" />
            <line number="371" hits="1" branch="false" />
            <line number="372" hits="1" branch="false" />
            <line number="374" hits="1" branch="false" />
            <line number="377" hits="1" branch="true" condition-coverage="50% (7/14)" />
            <line number="378" hits="1" branch="false" />
            <line number="379" hits="1" branch="false" />
            <line number="380" hits="1" branch="false" />
            <line number="385" hits="1" branch="false" />
            <line number="387" hits="1" branch="false" />
            <line number="390" hits="1" branch="false" />
            <line number="391" hits="1" branch="false" />
            <line number="394" hits="1" branch="false" />
            <line number="395" hits="1" branch="false" />
            <line number="399" hits="1" branch="false" />
            <line number="401" hits="1" branch="false" />
            <line number="404" hits="1" branch="false" />
            <line number="405" hits="1" branch="false" />
            <line number="408" hits="1" branch="false" />
            <line number="409" hits="1" branch="false" />
            <line number="413" hits="1" branch="false" />
            <line number="415" hits="1" branch="false" />
            <line number="418" hits="1" branch="false" />
            <line number="419" hits="1" branch="false" />
            <line number="422" hits="1" branch="false" />
            <line number="423" hits="1" branch="false" />
            <line number="427" hits="1" branch="false" />
            <line number="429" hits="1" branch="false" />
            <line number="432" hits="1" branch="false" />
            <line number="433" hits="1" branch="false" />
            <line number="436" hits="1" branch="false" />
            <line number="437" hits="1" branch="false" />
            <line number="441" hits="1" branch="false" />
            <line number="443" hits="1" branch="false" />
            <line number="446" hits="1" branch="false" />
            <line number="447" hits="1" branch="false" />
            <line number="450" hits="1" branch="false" />
            <line number="451" hits="1" branch="false" />
            <line number="455" hits="1" branch="false" />
            <line number="457" hits="1" branch="false" />
            <line number="458" hits="1" branch="false" />
            <line number="459" hits="1" branch="false" />
            <line number="460" hits="1" branch="false" />
            <line number="464" hits="1" branch="false" />
            <line number="467" hits="1" branch="true" condition-coverage="50% (3/6)" />
            <line number="468" hits="1" branch="false" />
            <line number="472" hits="1" branch="false" />
            <line number="474" hits="1" branch="false" />
            <line number="477" hits="1" branch="false" />
            <line number="480" hits="1" branch="false" />
            <line number="481" hits="1" branch="false" />
            <line number="485" hits="1" branch="false" />
            <line number="487" hits="1" branch="false" />
            <line number="490" hits="1" branch="false" />
            <line number="493" hits="1" branch="false" />
            <line number="494" hits="1" branch="false" />
            <line number="498" hits="1" branch="false" />
            <line number="500" hits="1" branch="false" />
            <line number="503" hits="1" branch="false" />
            <line number="506" hits="1" branch="false" />
            <line number="507" hits="1" branch="false" />
            <line number="511" hits="1" branch="false" />
            <line number="513" hits="1" branch="false" />
            <line number="516" hits="1" branch="false" />
            <line number="519" hits="1" branch="false" />
            <line number="520" hits="1" branch="false" />
            <line number="524" hits="1" branch="false" />
            <line number="526" hits="1" branch="false" />
            <line number="529" hits="1" branch="false" />
            <line number="532" hits="1" branch="false" />
            <line number="533" hits="1" branch="false" />
            <line number="537" hits="1" branch="false" />
            <line number="539" hits="1" branch="false" />
            <line number="542" hits="1" branch="false" />
            <line number="543" hits="1" branch="false" />
            <line number="544" hits="1" branch="false" />
            <line number="547" hits="1" branch="false" />
            <line number="548" hits="1" branch="false" />
            <line number="553" hits="1" branch="false" />
            <line number="555" hits="1" branch="false" />
            <line number="558" hits="1" branch="false" />
            <line number="561" hits="1" branch="false" />
            <line number="562" hits="1" branch="false" />
            <line number="566" hits="1" branch="false" />
            <line number="568" hits="1" branch="false" />
            <line number="571" hits="1" branch="false" />
            <line number="572" hits="1" branch="false" />
            <line number="575" hits="1" branch="false" />
            <line number="576" hits="1" branch="false" />
            <line number="580" hits="1" branch="false" />
            <line number="582" hits="1" branch="false" />
            <line number="585" hits="1" branch="false" />
            <line number="589" hits="1" branch="false" />
            <line number="590" hits="1" branch="false" />
            <line number="594" hits="1" branch="false" />
            <line number="596" hits="1" branch="false" />
            <line number="599" hits="1" branch="false" />
            <line number="603" hits="1" branch="false" />
            <line number="604" hits="1" branch="false" />
            <line number="608" hits="1" branch="false" />
            <line number="610" hits="1" branch="false" />
            <line number="613" hits="1" branch="false" />
            <line number="617" hits="1" branch="false" />
            <line number="618" hits="1" branch="false" />
            <line number="622" hits="1" branch="false" />
            <line number="624" hits="1" branch="false" />
            <line number="627" hits="1" branch="false" />
            <line number="630" hits="1" branch="false" />
            <line number="631" hits="1" branch="false" />
            <line number="635" hits="1" branch="false" />
            <line number="637" hits="1" branch="false" />
            <line number="640" hits="1" branch="false" />
            <line number="641" hits="1" branch="false" />
            <line number="644" hits="1" branch="false" />
            <line number="645" hits="1" branch="false" />
            <line number="649" hits="1" branch="false" />
            <line number="651" hits="1" branch="false" />
            <line number="652" hits="1" branch="false" />
            <line number="653" hits="1" branch="false" />
            <line number="656" hits="1" branch="false" />
            <line number="657" hits="1" branch="false" />
            <line number="658" hits="0" branch="false" />
            <line number="659" hits="1" branch="false" />
            <line number="660" hits="1" branch="false" />
            <line number="661" hits="1" branch="false" />
            <line number="662" hits="1" branch="false" />
            <line number="664" hits="1" branch="false" />
            <line number="665" hits="1" branch="false" />
            <line number="669" hits="1" branch="false" />
            <line number="671" hits="1" branch="false" />
            <line number="674" hits="1" branch="false" />
            <line number="677" hits="1" branch="false" />
            <line number="678" hits="1" branch="false" />
            <line number="682" hits="1" branch="false" />
            <line number="684" hits="1" branch="false" />
            <line number="687" hits="1" branch="false" />
            <line number="690" hits="1" branch="false" />
            <line number="691" hits="1" branch="false" />
            <line number="695" hits="1" branch="false" />
            <line number="697" hits="1" branch="false" />
            <line number="700" hits="1" branch="false" />
            <line number="701" hits="1" branch="false" />
            <line number="704" hits="1" branch="false" />
            <line number="705" hits="1" branch="false" />
            <line number="709" hits="1" branch="false" />
            <line number="711" hits="1" branch="false" />
            <line number="712" hits="1" branch="false" />
            <line number="713" hits="1" branch="false" />
            <line number="716" hits="1" branch="false" />
            <line number="717" hits="1" branch="false" />
            <line number="718" hits="0" branch="false" />
            <line number="719" hits="1" branch="false" />
            <line number="720" hits="1" branch="false" />
            <line number="721" hits="1" branch="false" />
            <line number="722" hits="1" branch="false" />
            <line number="724" hits="1" branch="false" />
            <line number="725" hits="1" branch="false" />
            <line number="729" hits="1" branch="false" />
            <line number="731" hits="1" branch="false" />
            <line number="734" hits="1" branch="false" />
            <line number="737" hits="1" branch="false" />
            <line number="738" hits="1" branch="false" />
            <line number="742" hits="1" branch="false" />
            <line number="744" hits="1" branch="false" />
            <line number="747" hits="1" branch="false" />
            <line number="750" hits="1" branch="false" />
            <line number="751" hits="1" branch="false" />
            <line number="755" hits="1" branch="false" />
            <line number="757" hits="1" branch="false" />
            <line number="760" hits="1" branch="false" />
            <line number="763" hits="1" branch="false" />
            <line number="764" hits="1" branch="false" />
            <line number="768" hits="1" branch="false" />
            <line number="770" hits="1" branch="false" />
            <line number="773" hits="1" branch="false" />
            <line number="776" hits="1" branch="false" />
            <line number="777" hits="1" branch="false" />
            <line number="781" hits="1" branch="false" />
            <line number="783" hits="1" branch="false" />
            <line number="786" hits="1" branch="false" />
            <line number="787" hits="1" branch="false" />
            <line number="790" hits="1" branch="false" />
            <line number="791" hits="1" branch="false" />
            <line number="795" hits="1" branch="false" />
            <line number="797" hits="1" branch="false" />
            <line number="798" hits="1" branch="false" />
            <line number="799" hits="1" branch="false" />
            <line number="802" hits="1" branch="false" />
            <line number="803" hits="1" branch="false" />
            <line number="804" hits="0" branch="false" />
            <line number="805" hits="1" branch="false" />
            <line number="806" hits="1" branch="false" />
            <line number="807" hits="1" branch="false" />
            <line number="808" hits="1" branch="false" />
            <line number="810" hits="1" branch="false" />
            <line number="811" hits="1" branch="false" />
            <line number="815" hits="1" branch="false" />
            <line number="817" hits="1" branch="false" />
            <line number="820" hits="1" branch="false" />
            <line number="823" hits="1" branch="false" />
            <line number="824" hits="1" branch="false" />
            <line number="828" hits="1" branch="false" />
            <line number="830" hits="1" branch="false" />
            <line number="831" hits="1" branch="false" />
            <line number="833" hits="1" branch="false" />
            <line number="836" hits="1" branch="false" />
            <line number="837" hits="1" branch="false" />
            <line number="841" hits="1" branch="false" />
            <line number="843" hits="1" branch="false" />
            <line number="844" hits="1" branch="false" />
            <line number="846" hits="1" branch="false" />
            <line number="849" hits="1" branch="false" />
            <line number="850" hits="1" branch="false" />
            <line number="854" hits="1" branch="false" />
            <line number="856" hits="1" branch="false" />
            <line number="857" hits="1" branch="false" />
            <line number="859" hits="1" branch="false" />
            <line number="862" hits="1" branch="false" />
            <line number="863" hits="1" branch="false" />
            <line number="867" hits="1" branch="false" />
            <line number="869" hits="1" branch="false" />
            <line number="872" hits="1" branch="false" />
            <line number="873" hits="1" branch="false" />
            <line number="876" hits="1" branch="false" />
            <line number="877" hits="1" branch="false" />
            <line number="881" hits="1" branch="false" />
            <line number="883" hits="1" branch="false" />
            <line number="884" hits="1" branch="false" />
            <line number="885" hits="1" branch="false" />
            <line number="888" hits="1" branch="false" />
            <line number="889" hits="1" branch="false" />
            <line number="890" hits="0" branch="false" />
            <line number="891" hits="1" branch="false" />
            <line number="892" hits="1" branch="false" />
            <line number="893" hits="1" branch="false" />
            <line number="894" hits="1" branch="false" />
            <line number="896" hits="1" branch="false" />
            <line number="897" hits="1" branch="false" />
          </lines>
        </class>
      </classes>
    </package>
  </packages>
</coverage>