<?xml version="1.0" encoding="utf-8"?>
<CoverageSession xmlns:xsd="http://www.w3.org/2001/XMLSchema" xmlns:xsi="http://www.w3.org/2001/XMLSchema-instance" Version="4.7.922.0">
  <Summary numSequencePoints="1374" visitedSequencePoints="647" numBranchPoints="464" visitedBranchPoints="216" sequenceCoverage="47.09" branchCoverage="46.55" maxCyclomaticComplexity="24" minCyclomaticComplexity="1" maxCrapScore="600" minCrapScore="1" visitedClasses="7" numClasses="11" visitedMethods="116" numMethods="159" />
  <Modules>
    <Module hash="1E-27-0A-42-2B-86-95-B2-76-74-69-2C-C5-DE-71-56-09-7E-EA-80">
      <Summary numSequencePoints="404" visitedSequencePoints="400" numBranchPoints="114" visitedBranchPoints="88" sequenceCoverage="99.01" branchCoverage="77.19" maxCyclomaticComplexity="8" minCyclomaticComplexity="1" maxCrapScore="8" minCrapScore="1.00" visitedClasses="1" numClasses="1" visitedMethods="62" numMethods="62" />
      <ModulePath>C:\labor10\UnitTestLab10\bin\Debug\fine-code-coverage\build-output\UnitTestLab10.dll</ModulePath>
      <ModuleTime>2021-03-04T10:29:55.4832175Z</ModuleTime>
      <ModuleName>UnitTestLab10</ModuleName>
      <Files>
        <File uid="1" fullPath="C:\labor10\UnitTestLab10\UnitTest1.cs" />
      </Files>
      <Classes>
        <Class>
          <Summary numSequencePoints="404" visitedSequencePoints="400" numBranchPoints="114" visitedBranchPoints="88" sequenceCoverage="99.01" branchCoverage="77.19" maxCyclomaticComplexity="8" minCyclomaticComplexity="1" maxCrapScore="8" minCrapScore="1.00" visitedClasses="1" numClasses="1" visitedMethods="62" numMethods="62" />
          <FullName>UnitTestLab10.UnitTest1</FullName>
          <Methods>
            <Method visited="true" cyclomaticComplexity="1" nPathComplexity="0" sequenceCoverage="100" branchCoverage="100" crapScore="1" isConstructor="false" isStatic="false" isGetter="false" isSetter="false">
              <Summary numSequencePoints="6" visitedSequencePoints="6" numBranchPoints="1" visitedBranchPoints="1" sequenceCoverage="100" branchCoverage="100" maxCyclomaticComplexity="1" minCyclomaticComplexity="1" maxCrapScore="1" minCrapScore="1" visitedClasses="0" numClasses="0" visitedMethods="1" numMethods="1" />
              <MetadataToken>100663297</MetadataToken>
              <Name>System.Void UnitTestLab10.UnitTest1::NormalAge()</Name>
              <FileRef uid="1" />
              <SequencePoints>
                <SequencePoint vc="1" uspid="1" ordinal="0" offset="0" sl="13" sc="9" el="13" ec="10" bec="0" bev="0" fileid="1" />
                <SequencePoint vc="1" uspid="2" ordinal="1" offset="1" sl="15" sc="13" el="15" ec="27" bec="0" bev="0" fileid="1" />
                <SequencePoint vc="1" uspid="3" ordinal="2" offset="4" sl="17" sc="13" el="17" ec="36" bec="0" bev="0" fileid="1" />
                <SequencePoint vc="1" uspid="4" ordinal="3" offset="10" sl="18" sc="13" el="18" ec="27" bec="0" bev="0" fileid="1" />
                <SequencePoint vc="1" uspid="5" ordinal="4" offset="19" sl="21" sc="13" el="21" ec="43" bec="0" bev="0" fileid="1" />
                <SequencePoint vc="1" uspid="6" ordinal="5" offset="32" sl="22" sc="9" el="22" ec="10" bec="0" bev="0" fileid="1" />
              </SequencePoints>
              <BranchPoints />
              <MethodPoint xsi:type="SequencePoint" vc="1" uspid="1" ordinal="0" offset="0" sl="13" sc="9" el="13" ec="10" bec="0" bev="0" fileid="1" />
            </Method>
            <Method visited="true" cyclomaticComplexity="1" nPathComplexity="0" sequenceCoverage="100" branchCoverage="100" crapScore="1" isConstructor="false" isStatic="false" isGetter="false" isSetter="false">
              <Summary numSequencePoints="6" visitedSequencePoints="6" numBranchPoints="1" visitedBranchPoints="1" sequenceCoverage="100" branchCoverage="100" maxCyclomaticComplexity="1" minCyclomaticComplexity="1" maxCrapScore="1" minCrapScore="1" visitedClasses="0" numClasses="0" visitedMethods="1" numMethods="1" />
              <MetadataToken>100663298</MetadataToken>
              <Name>System.Void UnitTestLab10.UnitTest1::NormalWeight()</Name>
              <FileRef uid="1" />
              <SequencePoints>
                <SequencePoint vc="1" uspid="7" ordinal="0" offset="0" sl="26" sc="9" el="26" ec="10" bec="0" bev="0" fileid="1" />
                <SequencePoint vc="1" uspid="8" ordinal="1" offset="1" sl="28" sc="13" el="28" ec="29" bec="0" bev="0" fileid="1" />
                <SequencePoint vc="1" uspid="9" ordinal="2" offset="4" sl="31" sc="13" el="31" ec="36" bec="0" bev="0" fileid="1" />
                <SequencePoint vc="1" uspid="10" ordinal="3" offset="10" sl="32" sc="13" el="32" ec="29" bec="0" bev="0" fileid="1" />
                <SequencePoint vc="1" uspid="11" ordinal="4" offset="19" sl="35" sc="13" el="35" ec="49" bec="0" bev="0" fileid="1" />
                <SequencePoint vc="1" uspid="12" ordinal="5" offset="32" sl="36" sc="9" el="36" ec="10" bec="0" bev="0" fileid="1" />
              </SequencePoints>
              <BranchPoints />
              <MethodPoint xsi:type="SequencePoint" vc="1" uspid="7" ordinal="0" offset="0" sl="26" sc="9" el="26" ec="10" bec="0" bev="0" fileid="1" />
            </Method>
            <Method visited="true" cyclomaticComplexity="1" nPathComplexity="0" sequenceCoverage="100" branchCoverage="100" crapScore="1" isConstructor="false" isStatic="false" isGetter="false" isSetter="false">
              <Summary numSequencePoints="6" visitedSequencePoints="6" numBranchPoints="1" visitedBranchPoints="1" sequenceCoverage="100" branchCoverage="100" maxCyclomaticComplexity="1" minCyclomaticComplexity="1" maxCrapScore="1" minCrapScore="1" visitedClasses="0" numClasses="0" visitedMethods="1" numMethods="1" />
              <MetadataToken>100663299</MetadataToken>
              <Name>System.Void UnitTestLab10.UnitTest1::NormalHeight()</Name>
              <FileRef uid="1" />
              <SequencePoints>
                <SequencePoint vc="1" uspid="13" ordinal="0" offset="0" sl="40" sc="9" el="40" ec="10" bec="0" bev="0" fileid="1" />
                <SequencePoint vc="1" uspid="14" ordinal="1" offset="1" sl="42" sc="13" el="42" ec="29" bec="0" bev="0" fileid="1" />
                <SequencePoint vc="1" uspid="15" ordinal="2" offset="4" sl="45" sc="13" el="45" ec="36" bec="0" bev="0" fileid="1" />
                <SequencePoint vc="1" uspid="16" ordinal="3" offset="10" sl="46" sc="13" el="46" ec="29" bec="0" bev="0" fileid="1" />
                <SequencePoint vc="1" uspid="17" ordinal="4" offset="19" sl="49" sc="13" el="49" ec="49" bec="0" bev="0" fileid="1" />
                <SequencePoint vc="1" uspid="18" ordinal="5" offset="32" sl="50" sc="9" el="50" ec="10" bec="0" bev="0" fileid="1" />
              </SequencePoints>
              <BranchPoints />
              <MethodPoint xsi:type="SequencePoint" vc="1" uspid="13" ordinal="0" offset="0" sl="40" sc="9" el="40" ec="10" bec="0" bev="0" fileid="1" />
            </Method>
            <Method visited="true" cyclomaticComplexity="1" nPathComplexity="0" sequenceCoverage="100" branchCoverage="100" crapScore="1" isConstructor="false" isStatic="false" isGetter="false" isSetter="false">
              <Summary numSequencePoints="6" visitedSequencePoints="6" numBranchPoints="1" visitedBranchPoints="1" sequenceCoverage="100" branchCoverage="100" maxCyclomaticComplexity="1" minCyclomaticComplexity="1" maxCrapScore="1" minCrapScore="1" visitedClasses="0" numClasses="0" visitedMethods="1" numMethods="1" />
              <MetadataToken>100663300</MetadataToken>
              <Name>System.Void UnitTestLab10.UnitTest1::WrongAge()</Name>
              <FileRef uid="1" />
              <SequencePoints>
                <SequencePoint vc="1" uspid="19" ordinal="0" offset="0" sl="54" sc="9" el="54" ec="10" bec="0" bev="0" fileid="1" />
                <SequencePoint vc="1" uspid="20" ordinal="1" offset="1" sl="56" sc="13" el="56" ec="26" bec="0" bev="0" fileid="1" />
                <SequencePoint vc="1" uspid="21" ordinal="2" offset="4" sl="59" sc="13" el="59" ec="36" bec="0" bev="0" fileid="1" />
                <SequencePoint vc="1" uspid="22" ordinal="3" offset="10" sl="60" sc="13" el="60" ec="26" bec="0" bev="0" fileid="1" />
                <SequencePoint vc="1" uspid="23" ordinal="4" offset="19" sl="63" sc="13" el="63" ec="46" bec="0" bev="0" fileid="1" />
                <SequencePoint vc="1" uspid="24" ordinal="5" offset="32" sl="64" sc="9" el="64" ec="10" bec="0" bev="0" fileid="1" />
              </SequencePoints>
              <BranchPoints />
              <MethodPoint xsi:type="SequencePoint" vc="1" uspid="19" ordinal="0" offset="0" sl="54" sc="9" el="54" ec="10" bec="0" bev="0" fileid="1" />
            </Method>
            <Method visited="true" cyclomaticComplexity="1" nPathComplexity="0" sequenceCoverage="100" branchCoverage="100" crapScore="1" isConstructor="false" isStatic="false" isGetter="false" isSetter="false">
              <Summary numSequencePoints="6" visitedSequencePoints="6" numBranchPoints="1" visitedBranchPoints="1" sequenceCoverage="100" branchCoverage="100" maxCyclomaticComplexity="1" minCyclomaticComplexity="1" maxCrapScore="1" minCrapScore="1" visitedClasses="0" numClasses="0" visitedMethods="1" numMethods="1" />
              <MetadataToken>100663301</MetadataToken>
              <Name>System.Void UnitTestLab10.UnitTest1::WrongWeight()</Name>
              <FileRef uid="1" />
              <SequencePoints>
                <SequencePoint vc="1" uspid="25" ordinal="0" offset="0" sl="68" sc="9" el="68" ec="10" bec="0" bev="0" fileid="1" />
                <SequencePoint vc="1" uspid="26" ordinal="1" offset="1" sl="70" sc="13" el="70" ec="24" bec="0" bev="0" fileid="1" />
                <SequencePoint vc="1" uspid="27" ordinal="2" offset="4" sl="73" sc="13" el="73" ec="36" bec="0" bev="0" fileid="1" />
                <SequencePoint vc="1" uspid="28" ordinal="3" offset="10" sl="74" sc="13" el="74" ec="29" bec="0" bev="0" fileid="1" />
                <SequencePoint vc="1" uspid="29" ordinal="4" offset="19" sl="77" sc="13" el="77" ec="47" bec="0" bev="0" fileid="1" />
                <SequencePoint vc="1" uspid="30" ordinal="5" offset="32" sl="78" sc="9" el="78" ec="10" bec="0" bev="0" fileid="1" />
              </SequencePoints>
              <BranchPoints />
              <MethodPoint xsi:type="SequencePoint" vc="1" uspid="25" ordinal="0" offset="0" sl="68" sc="9" el="68" ec="10" bec="0" bev="0" fileid="1" />
            </Method>
            <Method visited="true" cyclomaticComplexity="1" nPathComplexity="0" sequenceCoverage="100" branchCoverage="100" crapScore="1" isConstructor="false" isStatic="false" isGetter="false" isSetter="false">
              <Summary numSequencePoints="6" visitedSequencePoints="6" numBranchPoints="1" visitedBranchPoints="1" sequenceCoverage="100" branchCoverage="100" maxCyclomaticComplexity="1" minCyclomaticComplexity="1" maxCrapScore="1" minCrapScore="1" visitedClasses="0" numClasses="0" visitedMethods="1" numMethods="1" />
              <MetadataToken>100663302</MetadataToken>
              <Name>System.Void UnitTestLab10.UnitTest1::WrongHeight()</Name>
              <FileRef uid="1" />
              <SequencePoints>
                <SequencePoint vc="1" uspid="31" ordinal="0" offset="0" sl="82" sc="9" el="82" ec="10" bec="0" bev="0" fileid="1" />
                <SequencePoint vc="1" uspid="32" ordinal="1" offset="1" sl="84" sc="13" el="84" ec="24" bec="0" bev="0" fileid="1" />
                <SequencePoint vc="1" uspid="33" ordinal="2" offset="4" sl="87" sc="13" el="87" ec="36" bec="0" bev="0" fileid="1" />
                <SequencePoint vc="1" uspid="34" ordinal="3" offset="10" sl="88" sc="13" el="88" ec="29" bec="0" bev="0" fileid="1" />
                <SequencePoint vc="1" uspid="35" ordinal="4" offset="19" sl="91" sc="13" el="91" ec="47" bec="0" bev="0" fileid="1" />
                <SequencePoint vc="1" uspid="36" ordinal="5" offset="32" sl="92" sc="9" el="92" ec="10" bec="0" bev="0" fileid="1" />
              </SequencePoints>
              <BranchPoints />
              <MethodPoint xsi:type="SequencePoint" vc="1" uspid="31" ordinal="0" offset="0" sl="82" sc="9" el="82" ec="10" bec="0" bev="0" fileid="1" />
            </Method>
            <Method visited="true" cyclomaticComplexity="3" nPathComplexity="4" sequenceCoverage="100" branchCoverage="60" crapScore="3" isConstructor="false" isStatic="false" isGetter="false" isSetter="false">
              <Summary numSequencePoints="6" visitedSequencePoints="6" numBranchPoints="5" visitedBranchPoints="3" sequenceCoverage="100" branchCoverage="60" maxCyclomaticComplexity="3" minCyclomaticComplexity="3" maxCrapScore="3" minCrapScore="3" visitedClasses="0" numClasses="0" visitedMethods="1" numMethods="1" />
              <MetadataToken>100663303</MetadataToken>
              <Name>System.Void UnitTestLab10.UnitTest1::PersonConstruct1()</Name>
              <FileRef uid="1" />
              <SequencePoints>
                <SequencePoint vc="1" uspid="37" ordinal="0" offset="0" sl="96" sc="9" el="96" ec="10" bec="0" bev="0" fileid="1" />
                <SequencePoint vc="1" uspid="38" ordinal="1" offset="1" sl="98" sc="13" el="98" ec="23" bec="0" bev="0" fileid="1" />
                <SequencePoint vc="1" uspid="39" ordinal="2" offset="3" sl="101" sc="13" el="101" ec="36" bec="0" bev="0" fileid="1" />
                <SequencePoint vc="1" uspid="40" ordinal="3" offset="9" sl="102" sc="13" el="102" ec="85" bec="3" bev="2" fileid="1" />
                <SequencePoint vc="1" uspid="41" ordinal="4" offset="40" sl="105" sc="13" el="105" ec="36" bec="0" bev="0" fileid="1" />
                <SequencePoint vc="1" uspid="42" ordinal="5" offset="47" sl="106" sc="9" el="106" ec="10" bec="0" bev="0" fileid="1" />
              </SequencePoints>
              <BranchPoints>
                <BranchPoint vc="1" uspid="43" ordinal="0" offset="16" sl="102" path="0" offsetend="18" fileid="1" />
                <BranchPoint vc="0" uspid="44" ordinal="1" offset="16" sl="102" path="1" offsetend="38" fileid="1" />
                <BranchPoint vc="1" uspid="45" ordinal="2" offset="25" sl="102" path="0" offsetend="27" fileid="1" />
                <BranchPoint vc="0" uspid="46" ordinal="3" offset="25" sl="102" path="1" offsetend="38" fileid="1" />
              </BranchPoints>
              <MethodPoint xsi:type="SequencePoint" vc="1" uspid="37" ordinal="0" offset="0" sl="96" sc="9" el="96" ec="10" bec="0" bev="0" fileid="1" />
            </Method>
            <Method visited="true" cyclomaticComplexity="4" nPathComplexity="8" sequenceCoverage="100" branchCoverage="57.14" crapScore="4" isConstructor="false" isStatic="false" isGetter="false" isSetter="false">
              <Summary numSequencePoints="9" visitedSequencePoints="9" numBranchPoints="7" visitedBranchPoints="4" sequenceCoverage="100" branchCoverage="57.14" maxCyclomaticComplexity="4" minCyclomaticComplexity="4" maxCrapScore="4" minCrapScore="4" visitedClasses="0" numClasses="0" visitedMethods="1" numMethods="1" />
              <MetadataToken>100663304</MetadataToken>
              <Name>System.Void UnitTestLab10.UnitTest1::PersonConstruct2()</Name>
              <FileRef uid="1" />
              <SequencePoints>
                <SequencePoint vc="1" uspid="47" ordinal="0" offset="0" sl="110" sc="9" el="110" ec="10" bec="0" bev="0" fileid="1" />
                <SequencePoint vc="1" uspid="48" ordinal="1" offset="1" sl="112" sc="13" el="112" ec="23" bec="0" bev="0" fileid="1" />
                <SequencePoint vc="1" uspid="49" ordinal="2" offset="3" sl="113" sc="13" el="113" ec="23" bec="0" bev="0" fileid="1" />
                <SequencePoint vc="1" uspid="50" ordinal="3" offset="5" sl="114" sc="13" el="114" ec="23" bec="0" bev="0" fileid="1" />
                <SequencePoint vc="1" uspid="51" ordinal="4" offset="7" sl="115" sc="13" el="115" ec="28" bec="0" bev="0" fileid="1" />
                <SequencePoint vc="1" uspid="52" ordinal="5" offset="13" sl="118" sc="13" el="118" ec="48" bec="0" bev="0" fileid="1" />
                <SequencePoint vc="1" uspid="53" ordinal="6" offset="28" sl="120" sc="13" el="120" ec="106" bec="4" bev="3" fileid="1" />
                <SequencePoint vc="1" uspid="54" ordinal="7" offset="78" sl="123" sc="13" el="123" ec="36" bec="0" bev="0" fileid="1" />
                <SequencePoint vc="1" uspid="55" ordinal="8" offset="86" sl="124" sc="9" el="124" ec="10" bec="0" bev="0" fileid="1" />
              </SequencePoints>
              <BranchPoints>
                <BranchPoint vc="1" uspid="56" ordinal="0" offset="41" sl="120" path="0" offsetend="43" fileid="1" />
                <BranchPoint vc="0" uspid="57" ordinal="1" offset="41" sl="120" path="1" offsetend="75" fileid="1" />
                <BranchPoint vc="1" uspid="58" ordinal="2" offset="51" sl="120" path="0" offsetend="53" fileid="1" />
                <BranchPoint vc="0" uspid="59" ordinal="3" offset="51" sl="120" path="1" offsetend="75" fileid="1" />
                <BranchPoint vc="1" uspid="60" ordinal="4" offset="61" sl="120" path="0" offsetend="63" fileid="1" />
                <BranchPoint vc="0" uspid="61" ordinal="5" offset="61" sl="120" path="1" offsetend="75" fileid="1" />
              </BranchPoints>
              <MethodPoint xsi:type="SequencePoint" vc="1" uspid="47" ordinal="0" offset="0" sl="110" sc="9" el="110" ec="10" bec="0" bev="0" fileid="1" />
            </Method>
            <Method visited="true" cyclomaticComplexity="1" nPathComplexity="0" sequenceCoverage="100" branchCoverage="100" crapScore="1" isConstructor="false" isStatic="false" isGetter="false" isSetter="false">
              <Summary numSequencePoints="6" visitedSequencePoints="6" numBranchPoints="1" visitedBranchPoints="1" sequenceCoverage="100" branchCoverage="100" maxCyclomaticComplexity="1" minCyclomaticComplexity="1" maxCrapScore="1" minCrapScore="1" visitedClasses="0" numClasses="0" visitedMethods="1" numMethods="1" />
              <MetadataToken>100663305</MetadataToken>
              <Name>System.Void UnitTestLab10.UnitTest1::NegativeCourse()</Name>
              <FileRef uid="1" />
              <SequencePoints>
                <SequencePoint vc="1" uspid="62" ordinal="0" offset="0" sl="129" sc="9" el="129" ec="10" bec="0" bev="0" fileid="1" />
                <SequencePoint vc="1" uspid="63" ordinal="1" offset="1" sl="131" sc="13" el="131" ec="24" bec="0" bev="0" fileid="1" />
                <SequencePoint vc="1" uspid="64" ordinal="2" offset="3" sl="133" sc="13" el="133" ec="37" bec="0" bev="0" fileid="1" />
                <SequencePoint vc="1" uspid="65" ordinal="3" offset="9" sl="134" sc="13" el="134" ec="29" bec="0" bev="0" fileid="1" />
                <SequencePoint vc="1" uspid="66" ordinal="4" offset="17" sl="137" sc="13" el="137" ec="47" bec="0" bev="0" fileid="1" />
                <SequencePoint vc="1" uspid="67" ordinal="5" offset="30" sl="138" sc="9" el="138" ec="10" bec="0" bev="0" fileid="1" />
              </SequencePoints>
              <BranchPoints />
              <MethodPoint xsi:type="SequencePoint" vc="1" uspid="62" ordinal="0" offset="0" sl="129" sc="9" el="129" ec="10" bec="0" bev="0" fileid="1" />
            </Method>
            <Method visited="true" cyclomaticComplexity="1" nPathComplexity="0" sequenceCoverage="100" branchCoverage="100" crapScore="1" isConstructor="false" isStatic="false" isGetter="false" isSetter="false">
              <Summary numSequencePoints="6" visitedSequencePoints="6" numBranchPoints="1" visitedBranchPoints="1" sequenceCoverage="100" branchCoverage="100" maxCyclomaticComplexity="1" minCyclomaticComplexity="1" maxCrapScore="1" minCrapScore="1" visitedClasses="0" numClasses="0" visitedMethods="1" numMethods="1" />
              <MetadataToken>100663306</MetadataToken>
              <Name>System.Void UnitTestLab10.UnitTest1::TooLargeCourse()</Name>
              <FileRef uid="1" />
              <SequencePoints>
                <SequencePoint vc="1" uspid="68" ordinal="0" offset="0" sl="142" sc="9" el="142" ec="10" bec="0" bev="0" fileid="1" />
                <SequencePoint vc="1" uspid="69" ordinal="1" offset="1" sl="144" sc="13" el="144" ec="24" bec="0" bev="0" fileid="1" />
                <SequencePoint vc="1" uspid="70" ordinal="2" offset="4" sl="146" sc="13" el="146" ec="37" bec="0" bev="0" fileid="1" />
                <SequencePoint vc="1" uspid="71" ordinal="3" offset="10" sl="147" sc="13" el="147" ec="29" bec="0" bev="0" fileid="1" />
                <SequencePoint vc="1" uspid="72" ordinal="4" offset="19" sl="150" sc="13" el="150" ec="47" bec="0" bev="0" fileid="1" />
                <SequencePoint vc="1" uspid="73" ordinal="5" offset="32" sl="151" sc="9" el="151" ec="10" bec="0" bev="0" fileid="1" />
              </SequencePoints>
              <BranchPoints />
              <MethodPoint xsi:type="SequencePoint" vc="1" uspid="68" ordinal="0" offset="0" sl="142" sc="9" el="142" ec="10" bec="0" bev="0" fileid="1" />
            </Method>
            <Method visited="true" cyclomaticComplexity="1" nPathComplexity="0" sequenceCoverage="100" branchCoverage="100" crapScore="1" isConstructor="false" isStatic="false" isGetter="false" isSetter="false">
              <Summary numSequencePoints="6" visitedSequencePoints="6" numBranchPoints="1" visitedBranchPoints="1" sequenceCoverage="100" branchCoverage="100" maxCyclomaticComplexity="1" minCyclomaticComplexity="1" maxCrapScore="1" minCrapScore="1" visitedClasses="0" numClasses="0" visitedMethods="1" numMethods="1" />
              <MetadataToken>100663307</MetadataToken>
              <Name>System.Void UnitTestLab10.UnitTest1::NormalCourse()</Name>
              <FileRef uid="1" />
              <SequencePoints>
                <SequencePoint vc="1" uspid="74" ordinal="0" offset="0" sl="155" sc="9" el="155" ec="10" bec="0" bev="0" fileid="1" />
                <SequencePoint vc="1" uspid="75" ordinal="1" offset="1" sl="157" sc="13" el="157" ec="23" bec="0" bev="0" fileid="1" />
                <SequencePoint vc="1" uspid="76" ordinal="2" offset="3" sl="159" sc="13" el="159" ec="37" bec="0" bev="0" fileid="1" />
                <SequencePoint vc="1" uspid="77" ordinal="3" offset="9" sl="160" sc="13" el="160" ec="28" bec="0" bev="0" fileid="1" />
                <SequencePoint vc="1" uspid="78" ordinal="4" offset="17" sl="163" sc="13" el="163" ec="44" bec="0" bev="0" fileid="1" />
                <SequencePoint vc="1" uspid="79" ordinal="5" offset="30" sl="164" sc="9" el="164" ec="10" bec="0" bev="0" fileid="1" />
              </SequencePoints>
              <BranchPoints />
              <MethodPoint xsi:type="SequencePoint" vc="1" uspid="74" ordinal="0" offset="0" sl="155" sc="9" el="155" ec="10" bec="0" bev="0" fileid="1" />
            </Method>
            <Method visited="true" cyclomaticComplexity="1" nPathComplexity="0" sequenceCoverage="100" branchCoverage="100" crapScore="1" isConstructor="false" isStatic="false" isGetter="false" isSetter="false">
              <Summary numSequencePoints="6" visitedSequencePoints="6" numBranchPoints="1" visitedBranchPoints="1" sequenceCoverage="100" branchCoverage="100" maxCyclomaticComplexity="1" minCyclomaticComplexity="1" maxCrapScore="1" minCrapScore="1" visitedClasses="0" numClasses="0" visitedMethods="1" numMethods="1" />
              <MetadataToken>100663308</MetadataToken>
              <Name>System.Void UnitTestLab10.UnitTest1::NormalScholarship()</Name>
              <FileRef uid="1" />
              <SequencePoints>
                <SequencePoint vc="1" uspid="80" ordinal="0" offset="0" sl="168" sc="9" el="168" ec="10" bec="0" bev="0" fileid="1" />
                <SequencePoint vc="1" uspid="81" ordinal="1" offset="1" sl="170" sc="13" el="170" ec="26" bec="0" bev="0" fileid="1" />
                <SequencePoint vc="1" uspid="82" ordinal="2" offset="4" sl="172" sc="13" el="172" ec="37" bec="0" bev="0" fileid="1" />
                <SequencePoint vc="1" uspid="83" ordinal="3" offset="10" sl="173" sc="13" el="173" ec="34" bec="0" bev="0" fileid="1" />
                <SequencePoint vc="1" uspid="84" ordinal="4" offset="19" sl="176" sc="13" el="176" ec="51" bec="0" bev="0" fileid="1" />
                <SequencePoint vc="1" uspid="85" ordinal="5" offset="32" sl="177" sc="9" el="177" ec="10" bec="0" bev="0" fileid="1" />
              </SequencePoints>
              <BranchPoints />
              <MethodPoint xsi:type="SequencePoint" vc="1" uspid="80" ordinal="0" offset="0" sl="168" sc="9" el="168" ec="10" bec="0" bev="0" fileid="1" />
            </Method>
            <Method visited="true" cyclomaticComplexity="1" nPathComplexity="0" sequenceCoverage="100" branchCoverage="100" crapScore="1" isConstructor="false" isStatic="false" isGetter="false" isSetter="false">
              <Summary numSequencePoints="6" visitedSequencePoints="6" numBranchPoints="1" visitedBranchPoints="1" sequenceCoverage="100" branchCoverage="100" maxCyclomaticComplexity="1" minCyclomaticComplexity="1" maxCrapScore="1" minCrapScore="1" visitedClasses="0" numClasses="0" visitedMethods="1" numMethods="1" />
              <MetadataToken>100663309</MetadataToken>
              <Name>System.Void UnitTestLab10.UnitTest1::NegativeScholarship()</Name>
              <FileRef uid="1" />
              <SequencePoints>
                <SequencePoint vc="1" uspid="86" ordinal="0" offset="0" sl="181" sc="9" el="181" ec="10" bec="0" bev="0" fileid="1" />
                <SequencePoint vc="1" uspid="87" ordinal="1" offset="1" sl="183" sc="13" el="183" ec="28" bec="0" bev="0" fileid="1" />
                <SequencePoint vc="1" uspid="88" ordinal="2" offset="7" sl="185" sc="13" el="185" ec="37" bec="0" bev="0" fileid="1" />
                <SequencePoint vc="1" uspid="89" ordinal="3" offset="13" sl="186" sc="13" el="186" ec="36" bec="0" bev="0" fileid="1" />
                <SequencePoint vc="1" uspid="90" ordinal="4" offset="25" sl="189" sc="13" el="189" ec="54" bec="0" bev="0" fileid="1" />
                <SequencePoint vc="1" uspid="91" ordinal="5" offset="38" sl="190" sc="9" el="190" ec="10" bec="0" bev="0" fileid="1" />
              </SequencePoints>
              <BranchPoints />
              <MethodPoint xsi:type="SequencePoint" vc="1" uspid="86" ordinal="0" offset="0" sl="181" sc="9" el="181" ec="10" bec="0" bev="0" fileid="1" />
            </Method>
            <Method visited="true" cyclomaticComplexity="7" nPathComplexity="64" sequenceCoverage="100" branchCoverage="53.85" crapScore="7" isConstructor="false" isStatic="false" isGetter="false" isSetter="false">
              <Summary numSequencePoints="11" visitedSequencePoints="11" numBranchPoints="13" visitedBranchPoints="7" sequenceCoverage="100" branchCoverage="53.85" maxCyclomaticComplexity="7" minCyclomaticComplexity="7" maxCrapScore="7" minCrapScore="7" visitedClasses="0" numClasses="0" visitedMethods="1" numMethods="1" />
              <MetadataToken>100663310</MetadataToken>
              <Name>System.Void UnitTestLab10.UnitTest1::ConstructorOfStudent()</Name>
              <FileRef uid="1" />
              <SequencePoints>
                <SequencePoint vc="1" uspid="92" ordinal="0" offset="0" sl="194" sc="9" el="194" ec="10" bec="0" bev="0" fileid="1" />
                <SequencePoint vc="1" uspid="93" ordinal="1" offset="1" sl="196" sc="13" el="196" ec="26" bec="0" bev="0" fileid="1" />
                <SequencePoint vc="1" uspid="94" ordinal="2" offset="4" sl="197" sc="13" el="197" ec="30" bec="0" bev="0" fileid="1" />
                <SequencePoint vc="1" uspid="95" ordinal="3" offset="10" sl="198" sc="13" el="198" ec="29" bec="0" bev="0" fileid="1" />
                <SequencePoint vc="1" uspid="96" ordinal="4" offset="13" sl="199" sc="13" el="199" ec="28" bec="0" bev="0" fileid="1" />
                <SequencePoint vc="1" uspid="97" ordinal="5" offset="15" sl="200" sc="13" el="200" ec="38" bec="0" bev="0" fileid="1" />
                <SequencePoint vc="1" uspid="98" ordinal="6" offset="22" sl="201" sc="13" el="201" ec="39" bec="0" bev="0" fileid="1" />
                <SequencePoint vc="1" uspid="99" ordinal="7" offset="29" sl="202" sc="13" el="202" ec="36" bec="0" bev="0" fileid="1" />
                <SequencePoint vc="1" uspid="100" ordinal="8" offset="36" sl="204" sc="13" el="204" ec="77" bec="0" bev="0" fileid="1" />
                <SequencePoint vc="1" uspid="101" ordinal="9" offset="68" sl="207" sc="13" el="208" ec="141" bec="7" bev="6" fileid="1" />
                <SequencePoint vc="1" uspid="102" ordinal="10" offset="160" sl="209" sc="9" el="209" ec="10" bec="0" bev="0" fileid="1" />
              </SequencePoints>
              <BranchPoints>
                <BranchPoint vc="1" uspid="103" ordinal="0" offset="76" sl="207" path="0" offsetend="78" fileid="1" />
                <BranchPoint vc="0" uspid="104" ordinal="1" offset="76" sl="207" path="1" offsetend="153" fileid="1" />
                <BranchPoint vc="1" uspid="105" ordinal="2" offset="86" sl="207" path="0" offsetend="88" fileid="1" />
                <BranchPoint vc="0" uspid="106" ordinal="3" offset="86" sl="207" path="1" offsetend="153" fileid="1" />
                <BranchPoint vc="1" uspid="107" ordinal="4" offset="96" sl="207" path="0" offsetend="98" fileid="1" />
                <BranchPoint vc="0" uspid="108" ordinal="5" offset="96" sl="207" path="1" offsetend="153" fileid="1" />
                <BranchPoint vc="1" uspid="109" ordinal="6" offset="106" sl="207" path="0" offsetend="108" fileid="1" />
                <BranchPoint vc="0" uspid="110" ordinal="7" offset="106" sl="207" path="1" offsetend="153" fileid="1" />
                <BranchPoint vc="1" uspid="111" ordinal="8" offset="122" sl="207" path="0" offsetend="124" fileid="1" />
                <BranchPoint vc="0" uspid="112" ordinal="9" offset="122" sl="207" path="1" offsetend="153" fileid="1" />
                <BranchPoint vc="1" uspid="113" ordinal="10" offset="138" sl="207" path="0" offsetend="140" fileid="1" />
                <BranchPoint vc="0" uspid="114" ordinal="11" offset="138" sl="207" path="1" offsetend="153" fileid="1" />
              </BranchPoints>
              <MethodPoint xsi:type="SequencePoint" vc="1" uspid="92" ordinal="0" offset="0" sl="194" sc="9" el="194" ec="10" bec="0" bev="0" fileid="1" />
            </Method>
            <Method visited="true" cyclomaticComplexity="1" nPathComplexity="0" sequenceCoverage="100" branchCoverage="100" crapScore="1" isConstructor="false" isStatic="false" isGetter="false" isSetter="false">
              <Summary numSequencePoints="6" visitedSequencePoints="6" numBranchPoints="1" visitedBranchPoints="1" sequenceCoverage="100" branchCoverage="100" maxCyclomaticComplexity="1" minCyclomaticComplexity="1" maxCrapScore="1" minCrapScore="1" visitedClasses="0" numClasses="0" visitedMethods="1" numMethods="1" />
              <MetadataToken>100663311</MetadataToken>
              <Name>System.Void UnitTestLab10.UnitTest1::NegativeSchoolYear()</Name>
              <FileRef uid="1" />
              <SequencePoints>
                <SequencePoint vc="1" uspid="115" ordinal="0" offset="0" sl="214" sc="9" el="214" ec="10" bec="0" bev="0" fileid="1" />
                <SequencePoint vc="1" uspid="116" ordinal="1" offset="1" sl="216" sc="13" el="216" ec="27" bec="0" bev="0" fileid="1" />
                <SequencePoint vc="1" uspid="117" ordinal="2" offset="3" sl="218" sc="13" el="218" ec="41" bec="0" bev="0" fileid="1" />
                <SequencePoint vc="1" uspid="118" ordinal="3" offset="9" sl="219" sc="13" el="219" ec="34" bec="0" bev="0" fileid="1" />
                <SequencePoint vc="1" uspid="119" ordinal="4" offset="17" sl="222" sc="13" el="222" ec="55" bec="0" bev="0" fileid="1" />
                <SequencePoint vc="1" uspid="120" ordinal="5" offset="30" sl="223" sc="9" el="223" ec="10" bec="0" bev="0" fileid="1" />
              </SequencePoints>
              <BranchPoints />
              <MethodPoint xsi:type="SequencePoint" vc="1" uspid="115" ordinal="0" offset="0" sl="214" sc="9" el="214" ec="10" bec="0" bev="0" fileid="1" />
            </Method>
            <Method visited="true" cyclomaticComplexity="1" nPathComplexity="0" sequenceCoverage="100" branchCoverage="100" crapScore="1" isConstructor="false" isStatic="false" isGetter="false" isSetter="false">
              <Summary numSequencePoints="6" visitedSequencePoints="6" numBranchPoints="1" visitedBranchPoints="1" sequenceCoverage="100" branchCoverage="100" maxCyclomaticComplexity="1" minCyclomaticComplexity="1" maxCrapScore="1" minCrapScore="1" visitedClasses="0" numClasses="0" visitedMethods="1" numMethods="1" />
              <MetadataToken>100663312</MetadataToken>
              <Name>System.Void UnitTestLab10.UnitTest1::TooLargeSchoolYear()</Name>
              <FileRef uid="1" />
              <SequencePoints>
                <SequencePoint vc="1" uspid="121" ordinal="0" offset="0" sl="227" sc="9" el="227" ec="10" bec="0" bev="0" fileid="1" />
                <SequencePoint vc="1" uspid="122" ordinal="1" offset="1" sl="229" sc="13" el="229" ec="27" bec="0" bev="0" fileid="1" />
                <SequencePoint vc="1" uspid="123" ordinal="2" offset="4" sl="231" sc="13" el="231" ec="43" bec="0" bev="0" fileid="1" />
                <SequencePoint vc="1" uspid="124" ordinal="3" offset="10" sl="232" sc="13" el="232" ec="38" bec="0" bev="0" fileid="1" />
                <SequencePoint vc="1" uspid="125" ordinal="4" offset="19" sl="235" sc="13" el="235" ec="59" bec="0" bev="0" fileid="1" />
                <SequencePoint vc="1" uspid="126" ordinal="5" offset="32" sl="236" sc="9" el="236" ec="10" bec="0" bev="0" fileid="1" />
              </SequencePoints>
              <BranchPoints />
              <MethodPoint xsi:type="SequencePoint" vc="1" uspid="121" ordinal="0" offset="0" sl="227" sc="9" el="227" ec="10" bec="0" bev="0" fileid="1" />
            </Method>
            <Method visited="true" cyclomaticComplexity="1" nPathComplexity="0" sequenceCoverage="100" branchCoverage="100" crapScore="1" isConstructor="false" isStatic="false" isGetter="false" isSetter="false">
              <Summary numSequencePoints="6" visitedSequencePoints="6" numBranchPoints="1" visitedBranchPoints="1" sequenceCoverage="100" branchCoverage="100" maxCyclomaticComplexity="1" minCyclomaticComplexity="1" maxCrapScore="1" minCrapScore="1" visitedClasses="0" numClasses="0" visitedMethods="1" numMethods="1" />
              <MetadataToken>100663313</MetadataToken>
              <Name>System.Void UnitTestLab10.UnitTest1::NormalSchoolYear()</Name>
              <FileRef uid="1" />
              <SequencePoints>
                <SequencePoint vc="1" uspid="127" ordinal="0" offset="0" sl="240" sc="9" el="240" ec="10" bec="0" bev="0" fileid="1" />
                <SequencePoint vc="1" uspid="128" ordinal="1" offset="1" sl="242" sc="13" el="242" ec="26" bec="0" bev="0" fileid="1" />
                <SequencePoint vc="1" uspid="129" ordinal="2" offset="4" sl="244" sc="13" el="244" ec="41" bec="0" bev="0" fileid="1" />
                <SequencePoint vc="1" uspid="130" ordinal="3" offset="10" sl="245" sc="13" el="245" ec="33" bec="0" bev="0" fileid="1" />
                <SequencePoint vc="1" uspid="131" ordinal="4" offset="19" sl="248" sc="13" el="248" ec="52" bec="0" bev="0" fileid="1" />
                <SequencePoint vc="1" uspid="132" ordinal="5" offset="32" sl="249" sc="9" el="249" ec="10" bec="0" bev="0" fileid="1" />
              </SequencePoints>
              <BranchPoints />
              <MethodPoint xsi:type="SequencePoint" vc="1" uspid="127" ordinal="0" offset="0" sl="240" sc="9" el="240" ec="10" bec="0" bev="0" fileid="1" />
            </Method>
            <Method visited="true" cyclomaticComplexity="1" nPathComplexity="0" sequenceCoverage="100" branchCoverage="100" crapScore="1" isConstructor="false" isStatic="false" isGetter="false" isSetter="false">
              <Summary numSequencePoints="6" visitedSequencePoints="6" numBranchPoints="1" visitedBranchPoints="1" sequenceCoverage="100" branchCoverage="100" maxCyclomaticComplexity="1" minCyclomaticComplexity="1" maxCrapScore="1" minCrapScore="1" visitedClasses="0" numClasses="0" visitedMethods="1" numMethods="1" />
              <MetadataToken>100663314</MetadataToken>
              <Name>System.Void UnitTestLab10.UnitTest1::NegativeSchoolNumber()</Name>
              <FileRef uid="1" />
              <SequencePoints>
                <SequencePoint vc="1" uspid="133" ordinal="0" offset="0" sl="253" sc="9" el="253" ec="10" bec="0" bev="0" fileid="1" />
                <SequencePoint vc="1" uspid="134" ordinal="1" offset="1" sl="255" sc="13" el="255" ec="26" bec="0" bev="0" fileid="1" />
                <SequencePoint vc="1" uspid="135" ordinal="2" offset="3" sl="257" sc="13" el="257" ec="43" bec="0" bev="0" fileid="1" />
                <SequencePoint vc="1" uspid="136" ordinal="3" offset="9" sl="258" sc="13" el="258" ec="40" bec="0" bev="0" fileid="1" />
                <SequencePoint vc="1" uspid="137" ordinal="4" offset="17" sl="261" sc="13" el="261" ec="60" bec="0" bev="0" fileid="1" />
                <SequencePoint vc="1" uspid="138" ordinal="5" offset="30" sl="262" sc="9" el="262" ec="10" bec="0" bev="0" fileid="1" />
              </SequencePoints>
              <BranchPoints />
              <MethodPoint xsi:type="SequencePoint" vc="1" uspid="133" ordinal="0" offset="0" sl="253" sc="9" el="253" ec="10" bec="0" bev="0" fileid="1" />
            </Method>
            <Method visited="true" cyclomaticComplexity="1" nPathComplexity="0" sequenceCoverage="100" branchCoverage="100" crapScore="1" isConstructor="false" isStatic="false" isGetter="false" isSetter="false">
              <Summary numSequencePoints="6" visitedSequencePoints="6" numBranchPoints="1" visitedBranchPoints="1" sequenceCoverage="100" branchCoverage="100" maxCyclomaticComplexity="1" minCyclomaticComplexity="1" maxCrapScore="1" minCrapScore="1" visitedClasses="0" numClasses="0" visitedMethods="1" numMethods="1" />
              <MetadataToken>100663315</MetadataToken>
              <Name>System.Void UnitTestLab10.UnitTest1::NormalSchoolNumber()</Name>
              <FileRef uid="1" />
              <SequencePoints>
                <SequencePoint vc="1" uspid="139" ordinal="0" offset="0" sl="266" sc="9" el="266" ec="10" bec="0" bev="0" fileid="1" />
                <SequencePoint vc="1" uspid="140" ordinal="1" offset="1" sl="268" sc="13" el="268" ec="27" bec="0" bev="0" fileid="1" />
                <SequencePoint vc="1" uspid="141" ordinal="2" offset="7" sl="270" sc="13" el="270" ec="43" bec="0" bev="0" fileid="1" />
                <SequencePoint vc="1" uspid="142" ordinal="3" offset="13" sl="271" sc="13" el="271" ec="41" bec="0" bev="0" fileid="1" />
                <SequencePoint vc="1" uspid="143" ordinal="4" offset="25" sl="274" sc="13" el="274" ec="57" bec="0" bev="0" fileid="1" />
                <SequencePoint vc="1" uspid="144" ordinal="5" offset="38" sl="275" sc="9" el="275" ec="10" bec="0" bev="0" fileid="1" />
              </SequencePoints>
              <BranchPoints />
              <MethodPoint xsi:type="SequencePoint" vc="1" uspid="139" ordinal="0" offset="0" sl="266" sc="9" el="266" ec="10" bec="0" bev="0" fileid="1" />
            </Method>
            <Method visited="true" cyclomaticComplexity="6" nPathComplexity="32" sequenceCoverage="100" branchCoverage="54.55" crapScore="6" isConstructor="false" isStatic="false" isGetter="false" isSetter="false">
              <Summary numSequencePoints="10" visitedSequencePoints="10" numBranchPoints="11" visitedBranchPoints="6" sequenceCoverage="100" branchCoverage="54.55" maxCyclomaticComplexity="6" minCyclomaticComplexity="6" maxCrapScore="6" minCrapScore="6" visitedClasses="0" numClasses="0" visitedMethods="1" numMethods="1" />
              <MetadataToken>100663316</MetadataToken>
              <Name>System.Void UnitTestLab10.UnitTest1::ConstructorOfSchooler()</Name>
              <FileRef uid="1" />
              <SequencePoints>
                <SequencePoint vc="1" uspid="145" ordinal="0" offset="0" sl="279" sc="9" el="279" ec="10" bec="0" bev="0" fileid="1" />
                <SequencePoint vc="1" uspid="146" ordinal="1" offset="1" sl="281" sc="13" el="281" ec="26" bec="0" bev="0" fileid="1" />
                <SequencePoint vc="1" uspid="147" ordinal="2" offset="4" sl="282" sc="13" el="282" ec="30" bec="0" bev="0" fileid="1" />
                <SequencePoint vc="1" uspid="148" ordinal="3" offset="10" sl="283" sc="13" el="283" ec="29" bec="0" bev="0" fileid="1" />
                <SequencePoint vc="1" uspid="149" ordinal="4" offset="13" sl="284" sc="13" el="284" ec="26" bec="0" bev="0" fileid="1" />
                <SequencePoint vc="1" uspid="150" ordinal="5" offset="16" sl="285" sc="13" el="285" ec="38" bec="0" bev="0" fileid="1" />
                <SequencePoint vc="1" uspid="151" ordinal="6" offset="23" sl="286" sc="13" el="286" ec="36" bec="0" bev="0" fileid="1" />
                <SequencePoint vc="1" uspid="152" ordinal="7" offset="30" sl="288" sc="13" el="288" ec="70" bec="0" bev="0" fileid="1" />
                <SequencePoint vc="1" uspid="153" ordinal="8" offset="58" sl="291" sc="13" el="292" ec="106" bec="6" bev="5" fileid="1" />
                <SequencePoint vc="1" uspid="154" ordinal="9" offset="134" sl="293" sc="9" el="293" ec="10" bec="0" bev="0" fileid="1" />
              </SequencePoints>
              <BranchPoints>
                <BranchPoint vc="1" uspid="155" ordinal="0" offset="66" sl="291" path="0" offsetend="68" fileid="1" />
                <BranchPoint vc="0" uspid="156" ordinal="1" offset="66" sl="291" path="1" offsetend="127" fileid="1" />
                <BranchPoint vc="1" uspid="157" ordinal="2" offset="76" sl="291" path="0" offsetend="78" fileid="1" />
                <BranchPoint vc="0" uspid="158" ordinal="3" offset="76" sl="291" path="1" offsetend="127" fileid="1" />
                <BranchPoint vc="1" uspid="159" ordinal="4" offset="86" sl="291" path="0" offsetend="88" fileid="1" />
                <BranchPoint vc="0" uspid="160" ordinal="5" offset="86" sl="291" path="1" offsetend="127" fileid="1" />
                <BranchPoint vc="1" uspid="161" ordinal="6" offset="96" sl="291" path="0" offsetend="98" fileid="1" />
                <BranchPoint vc="0" uspid="162" ordinal="7" offset="96" sl="291" path="1" offsetend="127" fileid="1" />
                <BranchPoint vc="1" uspid="163" ordinal="8" offset="112" sl="291" path="0" offsetend="114" fileid="1" />
                <BranchPoint vc="0" uspid="164" ordinal="9" offset="112" sl="291" path="1" offsetend="127" fileid="1" />
              </BranchPoints>
              <MethodPoint xsi:type="SequencePoint" vc="1" uspid="145" ordinal="0" offset="0" sl="279" sc="9" el="279" ec="10" bec="0" bev="0" fileid="1" />
            </Method>
            <Method visited="true" cyclomaticComplexity="1" nPathComplexity="0" sequenceCoverage="100" branchCoverage="100" crapScore="1" isConstructor="false" isStatic="false" isGetter="false" isSetter="false">
              <Summary numSequencePoints="6" visitedSequencePoints="6" numBranchPoints="1" visitedBranchPoints="1" sequenceCoverage="100" branchCoverage="100" maxCyclomaticComplexity="1" minCyclomaticComplexity="1" maxCrapScore="1" minCrapScore="1" visitedClasses="0" numClasses="0" visitedMethods="1" numMethods="1" />
              <MetadataToken>100663317</MetadataToken>
              <Name>System.Void UnitTestLab10.UnitTest1::NegativeCourseCorr()</Name>
              <FileRef uid="1" />
              <SequencePoints>
                <SequencePoint vc="1" uspid="165" ordinal="0" offset="0" sl="298" sc="9" el="298" ec="10" bec="0" bev="0" fileid="1" />
                <SequencePoint vc="1" uspid="166" ordinal="1" offset="1" sl="300" sc="13" el="300" ec="24" bec="0" bev="0" fileid="1" />
                <SequencePoint vc="1" uspid="167" ordinal="2" offset="3" sl="302" sc="13" el="302" ec="51" bec="0" bev="0" fileid="1" />
                <SequencePoint vc="1" uspid="168" ordinal="3" offset="9" sl="303" sc="13" el="303" ec="29" bec="0" bev="0" fileid="1" />
                <SequencePoint vc="1" uspid="169" ordinal="4" offset="17" sl="306" sc="13" el="306" ec="47" bec="0" bev="0" fileid="1" />
                <SequencePoint vc="1" uspid="170" ordinal="5" offset="30" sl="307" sc="9" el="307" ec="10" bec="0" bev="0" fileid="1" />
              </SequencePoints>
              <BranchPoints />
              <MethodPoint xsi:type="SequencePoint" vc="1" uspid="165" ordinal="0" offset="0" sl="298" sc="9" el="298" ec="10" bec="0" bev="0" fileid="1" />
            </Method>
            <Method visited="true" cyclomaticComplexity="1" nPathComplexity="0" sequenceCoverage="100" branchCoverage="100" crapScore="1" isConstructor="false" isStatic="false" isGetter="false" isSetter="false">
              <Summary numSequencePoints="6" visitedSequencePoints="6" numBranchPoints="1" visitedBranchPoints="1" sequenceCoverage="100" branchCoverage="100" maxCyclomaticComplexity="1" minCyclomaticComplexity="1" maxCrapScore="1" minCrapScore="1" visitedClasses="0" numClasses="0" visitedMethods="1" numMethods="1" />
              <MetadataToken>100663318</MetadataToken>
              <Name>System.Void UnitTestLab10.UnitTest1::TooLargeCourseCorr()</Name>
              <FileRef uid="1" />
              <SequencePoints>
                <SequencePoint vc="1" uspid="171" ordinal="0" offset="0" sl="311" sc="9" el="311" ec="10" bec="0" bev="0" fileid="1" />
                <SequencePoint vc="1" uspid="172" ordinal="1" offset="1" sl="313" sc="13" el="313" ec="24" bec="0" bev="0" fileid="1" />
                <SequencePoint vc="1" uspid="173" ordinal="2" offset="4" sl="315" sc="13" el="315" ec="51" bec="0" bev="0" fileid="1" />
                <SequencePoint vc="1" uspid="174" ordinal="3" offset="10" sl="316" sc="13" el="316" ec="29" bec="0" bev="0" fileid="1" />
                <SequencePoint vc="1" uspid="175" ordinal="4" offset="19" sl="319" sc="13" el="319" ec="47" bec="0" bev="0" fileid="1" />
                <SequencePoint vc="1" uspid="176" ordinal="5" offset="32" sl="320" sc="9" el="320" ec="10" bec="0" bev="0" fileid="1" />
              </SequencePoints>
              <BranchPoints />
              <MethodPoint xsi:type="SequencePoint" vc="1" uspid="171" ordinal="0" offset="0" sl="311" sc="9" el="311" ec="10" bec="0" bev="0" fileid="1" />
            </Method>
            <Method visited="true" cyclomaticComplexity="1" nPathComplexity="0" sequenceCoverage="100" branchCoverage="100" crapScore="1" isConstructor="false" isStatic="false" isGetter="false" isSetter="false">
              <Summary numSequencePoints="6" visitedSequencePoints="6" numBranchPoints="1" visitedBranchPoints="1" sequenceCoverage="100" branchCoverage="100" maxCyclomaticComplexity="1" minCyclomaticComplexity="1" maxCrapScore="1" minCrapScore="1" visitedClasses="0" numClasses="0" visitedMethods="1" numMethods="1" />
              <MetadataToken>100663319</MetadataToken>
              <Name>System.Void UnitTestLab10.UnitTest1::NormalCourseCorr()</Name>
              <FileRef uid="1" />
              <SequencePoints>
                <SequencePoint vc="1" uspid="177" ordinal="0" offset="0" sl="324" sc="9" el="324" ec="10" bec="0" bev="0" fileid="1" />
                <SequencePoint vc="1" uspid="178" ordinal="1" offset="1" sl="326" sc="13" el="326" ec="23" bec="0" bev="0" fileid="1" />
                <SequencePoint vc="1" uspid="179" ordinal="2" offset="3" sl="328" sc="13" el="328" ec="51" bec="0" bev="0" fileid="1" />
                <SequencePoint vc="1" uspid="180" ordinal="3" offset="9" sl="329" sc="13" el="329" ec="28" bec="0" bev="0" fileid="1" />
                <SequencePoint vc="1" uspid="181" ordinal="4" offset="17" sl="332" sc="13" el="332" ec="44" bec="0" bev="0" fileid="1" />
                <SequencePoint vc="1" uspid="182" ordinal="5" offset="30" sl="333" sc="9" el="333" ec="10" bec="0" bev="0" fileid="1" />
              </SequencePoints>
              <BranchPoints />
              <MethodPoint xsi:type="SequencePoint" vc="1" uspid="177" ordinal="0" offset="0" sl="324" sc="9" el="324" ec="10" bec="0" bev="0" fileid="1" />
            </Method>
            <Method visited="true" cyclomaticComplexity="1" nPathComplexity="0" sequenceCoverage="100" branchCoverage="100" crapScore="1" isConstructor="false" isStatic="false" isGetter="false" isSetter="false">
              <Summary numSequencePoints="6" visitedSequencePoints="6" numBranchPoints="1" visitedBranchPoints="1" sequenceCoverage="100" branchCoverage="100" maxCyclomaticComplexity="1" minCyclomaticComplexity="1" maxCrapScore="1" minCrapScore="1" visitedClasses="0" numClasses="0" visitedMethods="1" numMethods="1" />
              <MetadataToken>100663320</MetadataToken>
              <Name>System.Void UnitTestLab10.UnitTest1::NegativePriceOfStudying()</Name>
              <FileRef uid="1" />
              <SequencePoints>
                <SequencePoint vc="1" uspid="183" ordinal="0" offset="0" sl="337" sc="9" el="337" ec="10" bec="0" bev="0" fileid="1" />
                <SequencePoint vc="1" uspid="184" ordinal="1" offset="1" sl="339" sc="13" el="339" ec="28" bec="0" bev="0" fileid="1" />
                <SequencePoint vc="1" uspid="185" ordinal="2" offset="7" sl="341" sc="13" el="341" ec="51" bec="0" bev="0" fileid="1" />
                <SequencePoint vc="1" uspid="186" ordinal="3" offset="13" sl="342" sc="13" el="342" ec="42" bec="0" bev="0" fileid="1" />
                <SequencePoint vc="1" uspid="187" ordinal="4" offset="25" sl="345" sc="13" el="345" ec="56" bec="0" bev="0" fileid="1" />
                <SequencePoint vc="1" uspid="188" ordinal="5" offset="38" sl="346" sc="9" el="346" ec="10" bec="0" bev="0" fileid="1" />
              </SequencePoints>
              <BranchPoints />
              <MethodPoint xsi:type="SequencePoint" vc="1" uspid="183" ordinal="0" offset="0" sl="337" sc="9" el="337" ec="10" bec="0" bev="0" fileid="1" />
            </Method>
            <Method visited="true" cyclomaticComplexity="1" nPathComplexity="0" sequenceCoverage="100" branchCoverage="100" crapScore="1" isConstructor="false" isStatic="false" isGetter="false" isSetter="false">
              <Summary numSequencePoints="6" visitedSequencePoints="6" numBranchPoints="1" visitedBranchPoints="1" sequenceCoverage="100" branchCoverage="100" maxCyclomaticComplexity="1" minCyclomaticComplexity="1" maxCrapScore="1" minCrapScore="1" visitedClasses="0" numClasses="0" visitedMethods="1" numMethods="1" />
              <MetadataToken>100663321</MetadataToken>
              <Name>System.Void UnitTestLab10.UnitTest1::NormalPriceOfStudying()</Name>
              <FileRef uid="1" />
              <SequencePoints>
                <SequencePoint vc="1" uspid="189" ordinal="0" offset="0" sl="350" sc="9" el="350" ec="10" bec="0" bev="0" fileid="1" />
                <SequencePoint vc="1" uspid="190" ordinal="1" offset="1" sl="352" sc="13" el="352" ec="26" bec="0" bev="0" fileid="1" />
                <SequencePoint vc="1" uspid="191" ordinal="2" offset="7" sl="354" sc="13" el="354" ec="51" bec="0" bev="0" fileid="1" />
                <SequencePoint vc="1" uspid="192" ordinal="3" offset="13" sl="355" sc="13" el="355" ec="40" bec="0" bev="0" fileid="1" />
                <SequencePoint vc="1" uspid="193" ordinal="4" offset="25" sl="358" sc="13" el="358" ec="53" bec="0" bev="0" fileid="1" />
                <SequencePoint vc="1" uspid="194" ordinal="5" offset="38" sl="359" sc="9" el="359" ec="10" bec="0" bev="0" fileid="1" />
              </SequencePoints>
              <BranchPoints />
              <MethodPoint xsi:type="SequencePoint" vc="1" uspid="189" ordinal="0" offset="0" sl="350" sc="9" el="350" ec="10" bec="0" bev="0" fileid="1" />
            </Method>
            <Method visited="true" cyclomaticComplexity="8" nPathComplexity="128" sequenceCoverage="100" branchCoverage="53.33" crapScore="8" isConstructor="false" isStatic="false" isGetter="false" isSetter="false">
              <Summary numSequencePoints="12" visitedSequencePoints="12" numBranchPoints="15" visitedBranchPoints="8" sequenceCoverage="100" branchCoverage="53.33" maxCyclomaticComplexity="8" minCyclomaticComplexity="8" maxCrapScore="8" minCrapScore="8" visitedClasses="0" numClasses="0" visitedMethods="1" numMethods="1" />
              <MetadataToken>100663322</MetadataToken>
              <Name>System.Void UnitTestLab10.UnitTest1::ConstructorOfCorresp()</Name>
              <FileRef uid="1" />
              <SequencePoints>
                <SequencePoint vc="1" uspid="195" ordinal="0" offset="0" sl="363" sc="9" el="363" ec="10" bec="0" bev="0" fileid="1" />
                <SequencePoint vc="1" uspid="196" ordinal="1" offset="1" sl="365" sc="13" el="365" ec="26" bec="0" bev="0" fileid="1" />
                <SequencePoint vc="1" uspid="197" ordinal="2" offset="4" sl="366" sc="13" el="366" ec="30" bec="0" bev="0" fileid="1" />
                <SequencePoint vc="1" uspid="198" ordinal="3" offset="10" sl="367" sc="13" el="367" ec="29" bec="0" bev="0" fileid="1" />
                <SequencePoint vc="1" uspid="199" ordinal="4" offset="13" sl="368" sc="13" el="368" ec="28" bec="0" bev="0" fileid="1" />
                <SequencePoint vc="1" uspid="200" ordinal="5" offset="15" sl="369" sc="13" el="369" ec="38" bec="0" bev="0" fileid="1" />
                <SequencePoint vc="1" uspid="201" ordinal="6" offset="22" sl="370" sc="13" el="370" ec="43" bec="0" bev="0" fileid="1" />
                <SequencePoint vc="1" uspid="202" ordinal="7" offset="29" sl="371" sc="13" el="371" ec="31" bec="0" bev="0" fileid="1" />
                <SequencePoint vc="1" uspid="203" ordinal="8" offset="36" sl="372" sc="13" el="372" ec="25" bec="0" bev="0" fileid="1" />
                <SequencePoint vc="1" uspid="204" ordinal="9" offset="39" sl="374" sc="13" el="374" ec="95" bec="0" bev="0" fileid="1" />
                <SequencePoint vc="1" uspid="205" ordinal="10" offset="72" sl="377" sc="13" el="379" ec="79" bec="8" bev="7" fileid="1" />
                <SequencePoint vc="1" uspid="206" ordinal="11" offset="175" sl="380" sc="9" el="380" ec="10" bec="0" bev="0" fileid="1" />
              </SequencePoints>
              <BranchPoints>
                <BranchPoint vc="1" uspid="207" ordinal="0" offset="80" sl="377" path="0" offsetend="82" fileid="1" />
                <BranchPoint vc="0" uspid="208" ordinal="1" offset="80" sl="377" path="1" offsetend="168" fileid="1" />
                <BranchPoint vc="1" uspid="209" ordinal="2" offset="90" sl="377" path="0" offsetend="92" fileid="1" />
                <BranchPoint vc="0" uspid="210" ordinal="3" offset="90" sl="377" path="1" offsetend="168" fileid="1" />
                <BranchPoint vc="1" uspid="211" ordinal="4" offset="100" sl="377" path="0" offsetend="102" fileid="1" />
                <BranchPoint vc="0" uspid="212" ordinal="5" offset="100" sl="377" path="1" offsetend="168" fileid="1" />
                <BranchPoint vc="1" uspid="213" ordinal="6" offset="110" sl="377" path="0" offsetend="112" fileid="1" />
                <BranchPoint vc="0" uspid="214" ordinal="7" offset="110" sl="377" path="1" offsetend="168" fileid="1" />
                <BranchPoint vc="1" uspid="215" ordinal="8" offset="126" sl="377" path="0" offsetend="128" fileid="1" />
                <BranchPoint vc="0" uspid="216" ordinal="9" offset="126" sl="377" path="1" offsetend="168" fileid="1" />
                <BranchPoint vc="1" uspid="217" ordinal="10" offset="142" sl="377" path="0" offsetend="144" fileid="1" />
                <BranchPoint vc="0" uspid="218" ordinal="11" offset="142" sl="377" path="1" offsetend="168" fileid="1" />
                <BranchPoint vc="1" uspid="219" ordinal="12" offset="153" sl="377" path="0" offsetend="155" fileid="1" />
                <BranchPoint vc="0" uspid="220" ordinal="13" offset="153" sl="377" path="1" offsetend="168" fileid="1" />
              </BranchPoints>
              <MethodPoint xsi:type="SequencePoint" vc="1" uspid="195" ordinal="0" offset="0" sl="363" sc="9" el="363" ec="10" bec="0" bev="0" fileid="1" />
            </Method>
            <Method visited="true" cyclomaticComplexity="1" nPathComplexity="0" sequenceCoverage="100" branchCoverage="100" crapScore="1" isConstructor="false" isStatic="false" isGetter="false" isSetter="false">
              <Summary numSequencePoints="6" visitedSequencePoints="6" numBranchPoints="1" visitedBranchPoints="1" sequenceCoverage="100" branchCoverage="100" maxCyclomaticComplexity="1" minCyclomaticComplexity="1" maxCrapScore="1" minCrapScore="1" visitedClasses="0" numClasses="0" visitedMethods="1" numMethods="1" />
              <MetadataToken>100663323</MetadataToken>
              <Name>System.Void UnitTestLab10.UnitTest1::WrongYearOfBuilding1()</Name>
              <FileRef uid="1" />
              <SequencePoints>
                <SequencePoint vc="1" uspid="221" ordinal="0" offset="0" sl="385" sc="9" el="385" ec="10" bec="0" bev="0" fileid="1" />
                <SequencePoint vc="1" uspid="222" ordinal="1" offset="1" sl="387" sc="13" el="387" ec="25" bec="0" bev="0" fileid="1" />
                <SequencePoint vc="1" uspid="223" ordinal="2" offset="4" sl="390" sc="13" el="390" ec="36" bec="0" bev="0" fileid="1" />
                <SequencePoint vc="1" uspid="224" ordinal="3" offset="10" sl="391" sc="13" el="391" ec="26" bec="0" bev="0" fileid="1" />
                <SequencePoint vc="1" uspid="225" ordinal="4" offset="19" sl="394" sc="13" el="394" ec="43" bec="0" bev="0" fileid="1" />
                <SequencePoint vc="1" uspid="226" ordinal="5" offset="32" sl="395" sc="9" el="395" ec="10" bec="0" bev="0" fileid="1" />
              </SequencePoints>
              <BranchPoints />
              <MethodPoint xsi:type="SequencePoint" vc="1" uspid="221" ordinal="0" offset="0" sl="385" sc="9" el="385" ec="10" bec="0" bev="0" fileid="1" />
            </Method>
            <Method visited="true" cyclomaticComplexity="1" nPathComplexity="0" sequenceCoverage="100" branchCoverage="100" crapScore="1" isConstructor="false" isStatic="false" isGetter="false" isSetter="false">
              <Summary numSequencePoints="6" visitedSequencePoints="6" numBranchPoints="1" visitedBranchPoints="1" sequenceCoverage="100" branchCoverage="100" maxCyclomaticComplexity="1" minCyclomaticComplexity="1" maxCrapScore="1" minCrapScore="1" visitedClasses="0" numClasses="0" visitedMethods="1" numMethods="1" />
              <MetadataToken>100663324</MetadataToken>
              <Name>System.Void UnitTestLab10.UnitTest1::WrongYearOfBuilding2()</Name>
              <FileRef uid="1" />
              <SequencePoints>
                <SequencePoint vc="1" uspid="227" ordinal="0" offset="0" sl="399" sc="9" el="399" ec="10" bec="0" bev="0" fileid="1" />
                <SequencePoint vc="1" uspid="228" ordinal="1" offset="1" sl="401" sc="13" el="401" ec="26" bec="0" bev="0" fileid="1" />
                <SequencePoint vc="1" uspid="229" ordinal="2" offset="7" sl="404" sc="13" el="404" ec="36" bec="0" bev="0" fileid="1" />
                <SequencePoint vc="1" uspid="230" ordinal="3" offset="13" sl="405" sc="13" el="405" ec="27" bec="0" bev="0" fileid="1" />
                <SequencePoint vc="1" uspid="231" ordinal="4" offset="25" sl="408" sc="13" el="408" ec="43" bec="0" bev="0" fileid="1" />
                <SequencePoint vc="1" uspid="232" ordinal="5" offset="38" sl="409" sc="9" el="409" ec="10" bec="0" bev="0" fileid="1" />
              </SequencePoints>
              <BranchPoints />
              <MethodPoint xsi:type="SequencePoint" vc="1" uspid="227" ordinal="0" offset="0" sl="399" sc="9" el="399" ec="10" bec="0" bev="0" fileid="1" />
            </Method>
            <Method visited="true" cyclomaticComplexity="1" nPathComplexity="0" sequenceCoverage="100" branchCoverage="100" crapScore="1" isConstructor="false" isStatic="false" isGetter="false" isSetter="false">
              <Summary numSequencePoints="6" visitedSequencePoints="6" numBranchPoints="1" visitedBranchPoints="1" sequenceCoverage="100" branchCoverage="100" maxCyclomaticComplexity="1" minCyclomaticComplexity="1" maxCrapScore="1" minCrapScore="1" visitedClasses="0" numClasses="0" visitedMethods="1" numMethods="1" />
              <MetadataToken>100663325</MetadataToken>
              <Name>System.Void UnitTestLab10.UnitTest1::NormalYearOfBuilding()</Name>
              <FileRef uid="1" />
              <SequencePoints>
                <SequencePoint vc="1" uspid="233" ordinal="0" offset="0" sl="413" sc="9" el="413" ec="10" bec="0" bev="0" fileid="1" />
                <SequencePoint vc="1" uspid="234" ordinal="1" offset="1" sl="415" sc="13" el="415" ec="26" bec="0" bev="0" fileid="1" />
                <SequencePoint vc="1" uspid="235" ordinal="2" offset="7" sl="418" sc="13" el="418" ec="36" bec="0" bev="0" fileid="1" />
                <SequencePoint vc="1" uspid="236" ordinal="3" offset="13" sl="419" sc="13" el="419" ec="27" bec="0" bev="0" fileid="1" />
                <SequencePoint vc="1" uspid="237" ordinal="4" offset="25" sl="422" sc="13" el="422" ec="40" bec="0" bev="0" fileid="1" />
                <SequencePoint vc="1" uspid="238" ordinal="5" offset="38" sl="423" sc="9" el="423" ec="10" bec="0" bev="0" fileid="1" />
              </SequencePoints>
              <BranchPoints />
              <MethodPoint xsi:type="SequencePoint" vc="1" uspid="233" ordinal="0" offset="0" sl="413" sc="9" el="413" ec="10" bec="0" bev="0" fileid="1" />
            </Method>
            <Method visited="true" cyclomaticComplexity="1" nPathComplexity="0" sequenceCoverage="100" branchCoverage="100" crapScore="1" isConstructor="false" isStatic="false" isGetter="false" isSetter="false">
              <Summary numSequencePoints="6" visitedSequencePoints="6" numBranchPoints="1" visitedBranchPoints="1" sequenceCoverage="100" branchCoverage="100" maxCyclomaticComplexity="1" minCyclomaticComplexity="1" maxCrapScore="1" minCrapScore="1" visitedClasses="0" numClasses="0" visitedMethods="1" numMethods="1" />
              <MetadataToken>100663326</MetadataToken>
              <Name>System.Void UnitTestLab10.UnitTest1::WrongFloorsOfBuilding()</Name>
              <FileRef uid="1" />
              <SequencePoints>
                <SequencePoint vc="1" uspid="239" ordinal="0" offset="0" sl="427" sc="9" el="427" ec="10" bec="0" bev="0" fileid="1" />
                <SequencePoint vc="1" uspid="240" ordinal="1" offset="1" sl="429" sc="13" el="429" ec="24" bec="0" bev="0" fileid="1" />
                <SequencePoint vc="1" uspid="241" ordinal="2" offset="4" sl="432" sc="13" el="432" ec="36" bec="0" bev="0" fileid="1" />
                <SequencePoint vc="1" uspid="242" ordinal="3" offset="10" sl="433" sc="13" el="433" ec="32" bec="0" bev="0" fileid="1" />
                <SequencePoint vc="1" uspid="243" ordinal="4" offset="19" sl="436" sc="13" el="436" ec="50" bec="0" bev="0" fileid="1" />
                <SequencePoint vc="1" uspid="244" ordinal="5" offset="32" sl="437" sc="9" el="437" ec="10" bec="0" bev="0" fileid="1" />
              </SequencePoints>
              <BranchPoints />
              <MethodPoint xsi:type="SequencePoint" vc="1" uspid="239" ordinal="0" offset="0" sl="427" sc="9" el="427" ec="10" bec="0" bev="0" fileid="1" />
            </Method>
            <Method visited="true" cyclomaticComplexity="1" nPathComplexity="0" sequenceCoverage="100" branchCoverage="100" crapScore="1" isConstructor="false" isStatic="false" isGetter="false" isSetter="false">
              <Summary numSequencePoints="6" visitedSequencePoints="6" numBranchPoints="1" visitedBranchPoints="1" sequenceCoverage="100" branchCoverage="100" maxCyclomaticComplexity="1" minCyclomaticComplexity="1" maxCrapScore="1" minCrapScore="1" visitedClasses="0" numClasses="0" visitedMethods="1" numMethods="1" />
              <MetadataToken>100663327</MetadataToken>
              <Name>System.Void UnitTestLab10.UnitTest1::NormalFloorsOfBuilding()</Name>
              <FileRef uid="1" />
              <SequencePoints>
                <SequencePoint vc="1" uspid="245" ordinal="0" offset="0" sl="441" sc="9" el="441" ec="10" bec="0" bev="0" fileid="1" />
                <SequencePoint vc="1" uspid="246" ordinal="1" offset="1" sl="443" sc="13" el="443" ec="23" bec="0" bev="0" fileid="1" />
                <SequencePoint vc="1" uspid="247" ordinal="2" offset="3" sl="446" sc="13" el="446" ec="36" bec="0" bev="0" fileid="1" />
                <SequencePoint vc="1" uspid="248" ordinal="3" offset="9" sl="447" sc="13" el="447" ec="31" bec="0" bev="0" fileid="1" />
                <SequencePoint vc="1" uspid="249" ordinal="4" offset="17" sl="450" sc="13" el="450" ec="47" bec="0" bev="0" fileid="1" />
                <SequencePoint vc="1" uspid="250" ordinal="5" offset="30" sl="451" sc="9" el="451" ec="10" bec="0" bev="0" fileid="1" />
              </SequencePoints>
              <BranchPoints />
              <MethodPoint xsi:type="SequencePoint" vc="1" uspid="245" ordinal="0" offset="0" sl="441" sc="9" el="441" ec="10" bec="0" bev="0" fileid="1" />
            </Method>
            <Method visited="true" cyclomaticComplexity="4" nPathComplexity="8" sequenceCoverage="100" branchCoverage="57.14" crapScore="4" isConstructor="false" isStatic="false" isGetter="false" isSetter="false">
              <Summary numSequencePoints="8" visitedSequencePoints="8" numBranchPoints="7" visitedBranchPoints="4" sequenceCoverage="100" branchCoverage="57.14" maxCyclomaticComplexity="4" minCyclomaticComplexity="4" maxCrapScore="4" minCrapScore="4" visitedClasses="0" numClasses="0" visitedMethods="1" numMethods="1" />
              <MetadataToken>100663328</MetadataToken>
              <Name>System.Void UnitTestLab10.UnitTest1::ConstructorOfBuilding()</Name>
              <FileRef uid="1" />
              <SequencePoints>
                <SequencePoint vc="1" uspid="251" ordinal="0" offset="0" sl="455" sc="9" el="455" ec="10" bec="0" bev="0" fileid="1" />
                <SequencePoint vc="1" uspid="252" ordinal="1" offset="1" sl="457" sc="13" el="457" ec="27" bec="0" bev="0" fileid="1" />
                <SequencePoint vc="1" uspid="253" ordinal="2" offset="4" sl="458" sc="13" el="458" ec="34" bec="0" bev="0" fileid="1" />
                <SequencePoint vc="1" uspid="254" ordinal="3" offset="10" sl="459" sc="13" el="459" ec="34" bec="0" bev="0" fileid="1" />
                <SequencePoint vc="1" uspid="255" ordinal="4" offset="13" sl="460" sc="13" el="460" ec="26" bec="0" bev="0" fileid="1" />
                <SequencePoint vc="1" uspid="256" ordinal="5" offset="19" sl="464" sc="13" el="464" ec="56" bec="0" bev="0" fileid="1" />
                <SequencePoint vc="1" uspid="257" ordinal="6" offset="40" sl="467" sc="13" el="467" ec="120" bec="4" bev="3" fileid="1" />
                <SequencePoint vc="1" uspid="258" ordinal="7" offset="99" sl="468" sc="9" el="468" ec="10" bec="0" bev="0" fileid="1" />
              </SequencePoints>
              <BranchPoints>
                <BranchPoint vc="1" uspid="259" ordinal="0" offset="48" sl="467" path="0" offsetend="50" fileid="1" />
                <BranchPoint vc="0" uspid="260" ordinal="1" offset="48" sl="467" path="1" offsetend="92" fileid="1" />
                <BranchPoint vc="1" uspid="261" ordinal="2" offset="63" sl="467" path="0" offsetend="65" fileid="1" />
                <BranchPoint vc="0" uspid="262" ordinal="3" offset="63" sl="467" path="1" offsetend="92" fileid="1" />
                <BranchPoint vc="1" uspid="263" ordinal="4" offset="73" sl="467" path="0" offsetend="75" fileid="1" />
                <BranchPoint vc="0" uspid="264" ordinal="5" offset="73" sl="467" path="1" offsetend="92" fileid="1" />
              </BranchPoints>
              <MethodPoint xsi:type="SequencePoint" vc="1" uspid="251" ordinal="0" offset="0" sl="455" sc="9" el="455" ec="10" bec="0" bev="0" fileid="1" />
            </Method>
            <Method visited="true" cyclomaticComplexity="1" nPathComplexity="0" sequenceCoverage="100" branchCoverage="100" crapScore="1" isConstructor="false" isStatic="false" isGetter="false" isSetter="false">
              <Summary numSequencePoints="5" visitedSequencePoints="5" numBranchPoints="1" visitedBranchPoints="1" sequenceCoverage="100" branchCoverage="100" maxCyclomaticComplexity="1" minCyclomaticComplexity="1" maxCrapScore="1" minCrapScore="1" visitedClasses="0" numClasses="0" visitedMethods="1" numMethods="1" />
              <MetadataToken>100663329</MetadataToken>
              <Name>System.Void UnitTestLab10.UnitTest1::CheckToString()</Name>
              <FileRef uid="1" />
              <SequencePoints>
                <SequencePoint vc="1" uspid="265" ordinal="0" offset="0" sl="472" sc="9" el="472" ec="10" bec="0" bev="0" fileid="1" />
                <SequencePoint vc="1" uspid="266" ordinal="1" offset="1" sl="474" sc="13" el="474" ec="91" bec="0" bev="0" fileid="1" />
                <SequencePoint vc="1" uspid="267" ordinal="2" offset="7" sl="477" sc="13" el="477" ec="63" bec="0" bev="0" fileid="1" />
                <SequencePoint vc="1" uspid="268" ordinal="3" offset="29" sl="480" sc="13" el="480" ec="48" bec="0" bev="0" fileid="1" />
                <SequencePoint vc="1" uspid="269" ordinal="4" offset="42" sl="481" sc="9" el="481" ec="10" bec="0" bev="0" fileid="1" />
              </SequencePoints>
              <BranchPoints />
              <MethodPoint xsi:type="SequencePoint" vc="1" uspid="265" ordinal="0" offset="0" sl="472" sc="9" el="472" ec="10" bec="0" bev="0" fileid="1" />
            </Method>
            <Method visited="true" cyclomaticComplexity="1" nPathComplexity="0" sequenceCoverage="100" branchCoverage="100" crapScore="1" isConstructor="false" isStatic="false" isGetter="false" isSetter="false">
              <Summary numSequencePoints="5" visitedSequencePoints="5" numBranchPoints="1" visitedBranchPoints="1" sequenceCoverage="100" branchCoverage="100" maxCyclomaticComplexity="1" minCyclomaticComplexity="1" maxCrapScore="1" minCrapScore="1" visitedClasses="0" numClasses="0" visitedMethods="1" numMethods="1" />
              <MetadataToken>100663330</MetadataToken>
              <Name>System.Void UnitTestLab10.UnitTest1::CheckEqualsOfBuilding()</Name>
              <FileRef uid="1" />
              <SequencePoints>
                <SequencePoint vc="1" uspid="270" ordinal="0" offset="0" sl="485" sc="9" el="485" ec="10" bec="0" bev="0" fileid="1" />
                <SequencePoint vc="1" uspid="271" ordinal="1" offset="1" sl="487" sc="13" el="487" ec="64" bec="0" bev="0" fileid="1" />
                <SequencePoint vc="1" uspid="272" ordinal="2" offset="23" sl="490" sc="13" el="490" ec="64" bec="0" bev="0" fileid="1" />
                <SequencePoint vc="1" uspid="273" ordinal="3" offset="45" sl="493" sc="13" el="493" ec="42" bec="0" bev="0" fileid="1" />
                <SequencePoint vc="1" uspid="274" ordinal="4" offset="58" sl="494" sc="9" el="494" ec="10" bec="0" bev="0" fileid="1" />
              </SequencePoints>
              <BranchPoints />
              <MethodPoint xsi:type="SequencePoint" vc="1" uspid="270" ordinal="0" offset="0" sl="485" sc="9" el="485" ec="10" bec="0" bev="0" fileid="1" />
            </Method>
            <Method visited="true" cyclomaticComplexity="1" nPathComplexity="0" sequenceCoverage="100" branchCoverage="100" crapScore="1" isConstructor="false" isStatic="false" isGetter="false" isSetter="false">
              <Summary numSequencePoints="5" visitedSequencePoints="5" numBranchPoints="1" visitedBranchPoints="1" sequenceCoverage="100" branchCoverage="100" maxCyclomaticComplexity="1" minCyclomaticComplexity="1" maxCrapScore="1" minCrapScore="1" visitedClasses="0" numClasses="0" visitedMethods="1" numMethods="1" />
              <MetadataToken>100663331</MetadataToken>
              <Name>System.Void UnitTestLab10.UnitTest1::CheckEqualsOfBuilding1()</Name>
              <FileRef uid="1" />
              <SequencePoints>
                <SequencePoint vc="1" uspid="275" ordinal="0" offset="0" sl="498" sc="9" el="498" ec="10" bec="0" bev="0" fileid="1" />
                <SequencePoint vc="1" uspid="276" ordinal="1" offset="1" sl="500" sc="13" el="500" ec="64" bec="0" bev="0" fileid="1" />
                <SequencePoint vc="1" uspid="277" ordinal="2" offset="23" sl="503" sc="13" el="503" ec="64" bec="0" bev="0" fileid="1" />
                <SequencePoint vc="1" uspid="278" ordinal="3" offset="45" sl="506" sc="13" el="506" ec="43" bec="0" bev="0" fileid="1" />
                <SequencePoint vc="1" uspid="279" ordinal="4" offset="58" sl="507" sc="9" el="507" ec="10" bec="0" bev="0" fileid="1" />
              </SequencePoints>
              <BranchPoints />
              <MethodPoint xsi:type="SequencePoint" vc="1" uspid="275" ordinal="0" offset="0" sl="498" sc="9" el="498" ec="10" bec="0" bev="0" fileid="1" />
            </Method>
            <Method visited="true" cyclomaticComplexity="1" nPathComplexity="0" sequenceCoverage="100" branchCoverage="100" crapScore="1" isConstructor="false" isStatic="false" isGetter="false" isSetter="false">
              <Summary numSequencePoints="5" visitedSequencePoints="5" numBranchPoints="1" visitedBranchPoints="1" sequenceCoverage="100" branchCoverage="100" maxCyclomaticComplexity="1" minCyclomaticComplexity="1" maxCrapScore="1" minCrapScore="1" visitedClasses="0" numClasses="0" visitedMethods="1" numMethods="1" />
              <MetadataToken>100663332</MetadataToken>
              <Name>System.Void UnitTestLab10.UnitTest1::CheckEqualsOfBuilding2()</Name>
              <FileRef uid="1" />
              <SequencePoints>
                <SequencePoint vc="1" uspid="280" ordinal="0" offset="0" sl="511" sc="9" el="511" ec="10" bec="0" bev="0" fileid="1" />
                <SequencePoint vc="1" uspid="281" ordinal="1" offset="1" sl="513" sc="13" el="513" ec="38" bec="0" bev="0" fileid="1" />
                <SequencePoint vc="1" uspid="282" ordinal="2" offset="7" sl="516" sc="13" el="516" ec="64" bec="0" bev="0" fileid="1" />
                <SequencePoint vc="1" uspid="283" ordinal="3" offset="29" sl="519" sc="13" el="519" ec="43" bec="0" bev="0" fileid="1" />
                <SequencePoint vc="1" uspid="284" ordinal="4" offset="42" sl="520" sc="9" el="520" ec="10" bec="0" bev="0" fileid="1" />
              </SequencePoints>
              <BranchPoints />
              <MethodPoint xsi:type="SequencePoint" vc="1" uspid="280" ordinal="0" offset="0" sl="511" sc="9" el="511" ec="10" bec="0" bev="0" fileid="1" />
            </Method>
            <Method visited="true" cyclomaticComplexity="1" nPathComplexity="0" sequenceCoverage="100" branchCoverage="100" crapScore="1" isConstructor="false" isStatic="false" isGetter="false" isSetter="false">
              <Summary numSequencePoints="5" visitedSequencePoints="5" numBranchPoints="1" visitedBranchPoints="1" sequenceCoverage="100" branchCoverage="100" maxCyclomaticComplexity="1" minCyclomaticComplexity="1" maxCrapScore="1" minCrapScore="1" visitedClasses="0" numClasses="0" visitedMethods="1" numMethods="1" />
              <MetadataToken>100663333</MetadataToken>
              <Name>System.Void UnitTestLab10.UnitTest1::CheckClone1()</Name>
              <FileRef uid="1" />
              <SequencePoints>
                <SequencePoint vc="1" uspid="285" ordinal="0" offset="0" sl="524" sc="9" el="524" ec="10" bec="0" bev="0" fileid="1" />
                <SequencePoint vc="1" uspid="286" ordinal="1" offset="1" sl="526" sc="13" el="526" ec="64" bec="0" bev="0" fileid="1" />
                <SequencePoint vc="1" uspid="287" ordinal="2" offset="23" sl="529" sc="13" el="529" ec="48" bec="0" bev="0" fileid="1" />
                <SequencePoint vc="1" uspid="288" ordinal="3" offset="35" sl="532" sc="13" el="532" ec="42" bec="0" bev="0" fileid="1" />
                <SequencePoint vc="1" uspid="289" ordinal="4" offset="48" sl="533" sc="9" el="533" ec="10" bec="0" bev="0" fileid="1" />
              </SequencePoints>
              <BranchPoints />
              <MethodPoint xsi:type="SequencePoint" vc="1" uspid="285" ordinal="0" offset="0" sl="524" sc="9" el="524" ec="10" bec="0" bev="0" fileid="1" />
            </Method>
            <Method visited="true" cyclomaticComplexity="1" nPathComplexity="0" sequenceCoverage="100" branchCoverage="100" crapScore="1" isConstructor="false" isStatic="false" isGetter="false" isSetter="false">
              <Summary numSequencePoints="7" visitedSequencePoints="7" numBranchPoints="1" visitedBranchPoints="1" sequenceCoverage="100" branchCoverage="100" maxCyclomaticComplexity="1" minCyclomaticComplexity="1" maxCrapScore="1" minCrapScore="1" visitedClasses="0" numClasses="0" visitedMethods="1" numMethods="1" />
              <MetadataToken>100663334</MetadataToken>
              <Name>System.Void UnitTestLab10.UnitTest1::CheckCopy()</Name>
              <FileRef uid="1" />
              <SequencePoints>
                <SequencePoint vc="1" uspid="290" ordinal="0" offset="0" sl="537" sc="9" el="537" ec="10" bec="0" bev="0" fileid="1" />
                <SequencePoint vc="1" uspid="291" ordinal="1" offset="1" sl="539" sc="13" el="539" ec="28" bec="0" bev="0" fileid="1" />
                <SequencePoint vc="1" uspid="292" ordinal="2" offset="3" sl="542" sc="13" el="542" ec="64" bec="0" bev="0" fileid="1" />
                <SequencePoint vc="1" uspid="293" ordinal="3" offset="25" sl="543" sc="13" el="543" ec="54" bec="0" bev="0" fileid="1" />
                <SequencePoint vc="1" uspid="294" ordinal="4" offset="37" sl="544" sc="13" el="544" ec="32" bec="0" bev="0" fileid="1" />
                <SequencePoint vc="1" uspid="295" ordinal="5" offset="54" sl="547" sc="13" el="547" ec="48" bec="0" bev="0" fileid="1" />
                <SequencePoint vc="1" uspid="296" ordinal="6" offset="68" sl="548" sc="9" el="548" ec="10" bec="0" bev="0" fileid="1" />
              </SequencePoints>
              <BranchPoints />
              <MethodPoint xsi:type="SequencePoint" vc="1" uspid="290" ordinal="0" offset="0" sl="537" sc="9" el="537" ec="10" bec="0" bev="0" fileid="1" />
            </Method>
            <Method visited="true" cyclomaticComplexity="1" nPathComplexity="0" sequenceCoverage="100" branchCoverage="100" crapScore="1" isConstructor="false" isStatic="false" isGetter="false" isSetter="false">
              <Summary numSequencePoints="5" visitedSequencePoints="5" numBranchPoints="1" visitedBranchPoints="1" sequenceCoverage="100" branchCoverage="100" maxCyclomaticComplexity="1" minCyclomaticComplexity="1" maxCrapScore="1" minCrapScore="1" visitedClasses="0" numClasses="0" visitedMethods="1" numMethods="1" />
              <MetadataToken>100663335</MetadataToken>
              <Name>System.Void UnitTestLab10.UnitTest1::ConstructorPassport()</Name>
              <FileRef uid="1" />
              <SequencePoints>
[...]
              <Name>System.Void labor10.CorrespondenceStudent::set_PriceOfStudying(System.Int32)</Name>
              <FileRef uid="12" />
              <SequencePoints>
                <SequencePoint vc="2" uspid="1649" ordinal="0" offset="0" sl="17" sc="13" el="17" ec="14" bec="0" bev="0" fileid="12" />
                <SequencePoint vc="2" uspid="1650" ordinal="1" offset="1" sl="18" sc="17" el="18" ec="31" bec="2" bev="2" fileid="12" />
                <SequencePoint vc="1" uspid="1651" ordinal="2" offset="9" sl="19" sc="21" el="19" ec="85" bec="0" bev="0" fileid="12" />
                <SequencePoint vc="1" uspid="1652" ordinal="3" offset="22" sl="21" sc="21" el="21" ec="45" bec="0" bev="0" fileid="12" />
                <SequencePoint vc="2" uspid="1653" ordinal="4" offset="29" sl="22" sc="13" el="22" ec="14" bec="0" bev="0" fileid="12" />
              </SequencePoints>
              <BranchPoints>
                <BranchPoint vc="1" uspid="1654" ordinal="0" offset="7" sl="18" path="0" offsetend="9" fileid="12" />
                <BranchPoint vc="1" uspid="1655" ordinal="1" offset="7" sl="18" path="1" offsetend="22" fileid="12" />
              </BranchPoints>
              <MethodPoint xsi:type="SequencePoint" vc="2" uspid="1649" ordinal="0" offset="0" sl="17" sc="13" el="17" ec="14" bec="0" bev="0" fileid="12" />
            </Method>
            <Method visited="true" cyclomaticComplexity="1" nPathComplexity="0" sequenceCoverage="100" branchCoverage="100" crapScore="1" isConstructor="true" isStatic="false" isGetter="false" isSetter="false">
              <Summary numSequencePoints="4" visitedSequencePoints="4" numBranchPoints="1" visitedBranchPoints="1" sequenceCoverage="100" branchCoverage="100" maxCyclomaticComplexity="1" minCyclomaticComplexity="1" maxCrapScore="1" minCrapScore="1" visitedClasses="0" numClasses="0" visitedMethods="1" numMethods="1" />
              <MetadataToken>100663389</MetadataToken>
              <Name>System.Void labor10.CorrespondenceStudent::.ctor()</Name>
              <FileRef uid="12" />
              <SequencePoints>
                <SequencePoint vc="5" uspid="1656" ordinal="0" offset="0" sl="27" sc="42" el="27" ec="48" bec="0" bev="0" fileid="12" />
                <SequencePoint vc="5" uspid="1657" ordinal="1" offset="7" sl="28" sc="9" el="28" ec="10" bec="0" bev="0" fileid="12" />
                <SequencePoint vc="5" uspid="1658" ordinal="2" offset="8" sl="29" sc="13" el="29" ec="38" bec="0" bev="0" fileid="12" />
                <SequencePoint vc="5" uspid="1659" ordinal="3" offset="15" sl="30" sc="9" el="30" ec="10" bec="0" bev="0" fileid="12" />
              </SequencePoints>
              <BranchPoints />
              <MethodPoint xsi:type="SequencePoint" vc="5" uspid="1656" ordinal="0" offset="0" sl="27" sc="42" el="27" ec="48" bec="0" bev="0" fileid="12" />
            </Method>
            <Method visited="true" cyclomaticComplexity="1" nPathComplexity="0" sequenceCoverage="100" branchCoverage="100" crapScore="1" isConstructor="true" isStatic="false" isGetter="false" isSetter="false">
              <Summary numSequencePoints="4" visitedSequencePoints="4" numBranchPoints="1" visitedBranchPoints="1" sequenceCoverage="100" branchCoverage="100" maxCyclomaticComplexity="1" minCyclomaticComplexity="1" maxCrapScore="1" minCrapScore="1" visitedClasses="0" numClasses="0" visitedMethods="1" numMethods="1" />
              <MetadataToken>100663390</MetadataToken>
              <Name>System.Void labor10.CorrespondenceStudent::.ctor(System.Int32,System.Int32,System.Int32,System.Int32,System.String,System.String,System.Int32,System.Int32)</Name>
              <FileRef uid="12" />
              <SequencePoints>
                <SequencePoint vc="10" uspid="1660" ordinal="0" offset="0" sl="34" sc="15" el="34" ec="83" bec="0" bev="0" fileid="12" />
                <SequencePoint vc="10" uspid="1661" ordinal="1" offset="18" sl="35" sc="9" el="35" ec="10" bec="0" bev="0" fileid="12" />
                <SequencePoint vc="10" uspid="1662" ordinal="2" offset="19" sl="36" sc="13" el="36" ec="42" bec="0" bev="0" fileid="12" />
                <SequencePoint vc="10" uspid="1663" ordinal="3" offset="27" sl="37" sc="9" el="37" ec="10" bec="0" bev="0" fileid="12" />
              </SequencePoints>
              <BranchPoints />
              <MethodPoint xsi:type="SequencePoint" vc="10" uspid="1660" ordinal="0" offset="0" sl="34" sc="15" el="34" ec="83" bec="0" bev="0" fileid="12" />
            </Method>
            <Method visited="false" cyclomaticComplexity="1" nPathComplexity="0" sequenceCoverage="0" branchCoverage="0" crapScore="2" isConstructor="false" isStatic="false" isGetter="false" isSetter="false">
              <Summary numSequencePoints="4" visitedSequencePoints="0" numBranchPoints="1" visitedBranchPoints="0" sequenceCoverage="0" branchCoverage="0" maxCyclomaticComplexity="1" minCyclomaticComplexity="1" maxCrapScore="2" minCrapScore="2" visitedClasses="0" numClasses="0" visitedMethods="0" numMethods="1" />
              <MetadataToken>100663391</MetadataToken>
              <Name>System.Void labor10.CorrespondenceStudent::ShowSimple()</Name>
              <FileRef uid="12" />
              <SequencePoints>
                <SequencePoint vc="0" uspid="1664" ordinal="0" offset="0" sl="41" sc="9" el="41" ec="10" bec="0" bev="0" fileid="12" />
                <SequencePoint vc="0" uspid="1665" ordinal="1" offset="1" sl="42" sc="13" el="42" ec="86" bec="0" bev="0" fileid="12" />
                <SequencePoint vc="0" uspid="1666" ordinal="2" offset="12" sl="43" sc="13" el="44" ec="122" bec="0" bev="0" fileid="12" />
                <SequencePoint vc="0" uspid="1667" ordinal="3" offset="128" sl="45" sc="9" el="45" ec="10" bec="0" bev="0" fileid="12" />
              </SequencePoints>
              <BranchPoints />
              <MethodPoint xsi:type="SequencePoint" vc="0" uspid="1664" ordinal="0" offset="0" sl="41" sc="9" el="41" ec="10" bec="0" bev="0" fileid="12" />
            </Method>
            <Method visited="false" cyclomaticComplexity="1" nPathComplexity="0" sequenceCoverage="0" branchCoverage="0" crapScore="2" isConstructor="false" isStatic="false" isGetter="false" isSetter="false">
              <Summary numSequencePoints="4" visitedSequencePoints="0" numBranchPoints="1" visitedBranchPoints="0" sequenceCoverage="0" branchCoverage="0" maxCyclomaticComplexity="1" minCyclomaticComplexity="1" maxCrapScore="2" minCrapScore="2" visitedClasses="0" numClasses="0" visitedMethods="0" numMethods="1" />
              <MetadataToken>100663392</MetadataToken>
              <Name>System.Void labor10.CorrespondenceStudent::ShowVirt()</Name>
              <FileRef uid="12" />
              <SequencePoints>
                <SequencePoint vc="0" uspid="1668" ordinal="0" offset="0" sl="48" sc="9" el="48" ec="10" bec="0" bev="0" fileid="12" />
                <SequencePoint vc="0" uspid="1669" ordinal="1" offset="1" sl="49" sc="13" el="49" ec="86" bec="0" bev="0" fileid="12" />
                <SequencePoint vc="0" uspid="1670" ordinal="2" offset="12" sl="50" sc="13" el="51" ec="122" bec="0" bev="0" fileid="12" />
                <SequencePoint vc="0" uspid="1671" ordinal="3" offset="128" sl="52" sc="9" el="52" ec="10" bec="0" bev="0" fileid="12" />
              </SequencePoints>
              <BranchPoints />
              <MethodPoint xsi:type="SequencePoint" vc="0" uspid="1668" ordinal="0" offset="0" sl="48" sc="9" el="48" ec="10" bec="0" bev="0" fileid="12" />
            </Method>
            <Method visited="false" cyclomaticComplexity="1" nPathComplexity="0" sequenceCoverage="0" branchCoverage="0" crapScore="2" isConstructor="false" isStatic="false" isGetter="false" isSetter="false">
              <Summary numSequencePoints="8" visitedSequencePoints="0" numBranchPoints="1" visitedBranchPoints="0" sequenceCoverage="0" branchCoverage="0" maxCyclomaticComplexity="1" minCyclomaticComplexity="1" maxCrapScore="2" minCrapScore="2" visitedClasses="0" numClasses="0" visitedMethods="0" numMethods="1" />
              <MetadataToken>100663393</MetadataToken>
              <Name>System.Object labor10.CorrespondenceStudent::Init()</Name>
              <FileRef uid="12" />
              <SequencePoints>
                <SequencePoint vc="0" uspid="1672" ordinal="0" offset="0" sl="56" sc="9" el="56" ec="10" bec="0" bev="0" fileid="12" />
                <SequencePoint vc="0" uspid="1673" ordinal="1" offset="1" sl="57" sc="13" el="57" ec="44" bec="0" bev="0" fileid="12" />
                <SequencePoint vc="0" uspid="1674" ordinal="2" offset="13" sl="58" sc="13" el="58" ec="148" bec="0" bev="0" fileid="12" />
                <SequencePoint vc="0" uspid="1675" ordinal="3" offset="102" sl="59" sc="13" el="59" ec="110" bec="0" bev="0" fileid="12" />
                <SequencePoint vc="0" uspid="1676" ordinal="4" offset="191" sl="60" sc="13" el="60" ec="67" bec="0" bev="0" fileid="12" />
                <SequencePoint vc="0" uspid="1677" ordinal="5" offset="214" sl="61" sc="13" el="63" ec="95" bec="0" bev="0" fileid="12" />
                <SequencePoint vc="0" uspid="1678" ordinal="6" offset="330" sl="64" sc="13" el="64" ec="29" bec="0" bev="0" fileid="12" />
                <SequencePoint vc="0" uspid="1679" ordinal="7" offset="336" sl="65" sc="9" el="65" ec="10" bec="0" bev="0" fileid="12" />
              </SequencePoints>
              <BranchPoints />
              <MethodPoint xsi:type="SequencePoint" vc="0" uspid="1672" ordinal="0" offset="0" sl="56" sc="9" el="56" ec="10" bec="0" bev="0" fileid="12" />
            </Method>
            <Method visited="true" cyclomaticComplexity="1" nPathComplexity="0" sequenceCoverage="100" branchCoverage="100" crapScore="1" isConstructor="false" isStatic="false" isGetter="false" isSetter="false">
              <Summary numSequencePoints="3" visitedSequencePoints="3" numBranchPoints="1" visitedBranchPoints="1" sequenceCoverage="100" branchCoverage="100" maxCyclomaticComplexity="1" minCyclomaticComplexity="1" maxCrapScore="1" minCrapScore="1" visitedClasses="0" numClasses="0" visitedMethods="1" numMethods="1" />
              <MetadataToken>100663394</MetadataToken>
              <Name>System.String labor10.CorrespondenceStudent::ToString()</Name>
              <FileRef uid="12" />
              <SequencePoints>
                <SequencePoint vc="1" uspid="1680" ordinal="0" offset="0" sl="69" sc="9" el="69" ec="10" bec="0" bev="0" fileid="12" />
                <SequencePoint vc="1" uspid="1681" ordinal="1" offset="1" sl="70" sc="13" el="70" ec="137" bec="0" bev="0" fileid="12" />
                <SequencePoint vc="1" uspid="1682" ordinal="2" offset="111" sl="71" sc="9" el="71" ec="10" bec="0" bev="0" fileid="12" />
              </SequencePoints>
              <BranchPoints />
              <MethodPoint xsi:type="SequencePoint" vc="1" uspid="1680" ordinal="0" offset="0" sl="69" sc="9" el="69" ec="10" bec="0" bev="0" fileid="12" />
            </Method>
            <Method visited="true" cyclomaticComplexity="9" nPathComplexity="256" sequenceCoverage="100" branchCoverage="70.59" crapScore="9" isConstructor="false" isStatic="false" isGetter="false" isSetter="false">
              <Summary numSequencePoints="7" visitedSequencePoints="7" numBranchPoints="17" visitedBranchPoints="12" sequenceCoverage="100" branchCoverage="70.59" maxCyclomaticComplexity="9" minCyclomaticComplexity="9" maxCrapScore="9" minCrapScore="9" visitedClasses="0" numClasses="0" visitedMethods="1" numMethods="1" />
              <MetadataToken>100663395</MetadataToken>
              <Name>System.Boolean labor10.CorrespondenceStudent::Equals(System.Object)</Name>
              <FileRef uid="12" />
              <SequencePoints>
                <SequencePoint vc="3" uspid="1683" ordinal="0" offset="0" sl="74" sc="9" el="74" ec="10" bec="0" bev="0" fileid="12" />
                <SequencePoint vc="3" uspid="1684" ordinal="1" offset="1" sl="75" sc="13" el="75" ec="46" bec="2" bev="2" fileid="12" />
                <SequencePoint vc="2" uspid="1685" ordinal="2" offset="17" sl="76" sc="13" el="76" ec="14" bec="0" bev="0" fileid="12" />
                <SequencePoint vc="2" uspid="1686" ordinal="3" offset="18" sl="77" sc="17" el="77" ec="70" bec="0" bev="0" fileid="12" />
                <SequencePoint vc="2" uspid="1687" ordinal="4" offset="25" sl="78" sc="17" el="80" ec="60" bec="8" bev="8" fileid="12" />
                <SequencePoint vc="1" uspid="1688" ordinal="5" offset="153" sl="82" sc="13" el="82" ec="26" bec="0" bev="0" fileid="12" />
                <SequencePoint vc="3" uspid="1689" ordinal="6" offset="157" sl="83" sc="9" el="83" ec="10" bec="0" bev="0" fileid="12" />
              </SequencePoints>
              <BranchPoints>
                <BranchPoint vc="2" uspid="1690" ordinal="0" offset="12" sl="75" path="0" offsetend="17" fileid="12" />
                <BranchPoint vc="1" uspid="1691" ordinal="1" offset="12" sl="75" path="1" offsetend="153" fileid="12" />
                <BranchPoint vc="2" uspid="1692" ordinal="2" offset="37" sl="78" path="0" offsetend="39" fileid="12" />
                <BranchPoint vc="0" uspid="1693" ordinal="3" offset="37" sl="78" path="1" offsetend="149" fileid="12" />
                <BranchPoint vc="2" uspid="1694" ordinal="4" offset="51" sl="78" path="0" offsetend="53" fileid="12" />
                <BranchPoint vc="0" uspid="1695" ordinal="5" offset="51" sl="78" path="1" offsetend="149" fileid="12" />
                <BranchPoint vc="2" uspid="1696" ordinal="6" offset="65" sl="78" path="0" offsetend="67" fileid="12" />
                <BranchPoint vc="0" uspid="1697" ordinal="7" offset="65" sl="78" path="1" offsetend="149" fileid="12" />
                <BranchPoint vc="1" uspid="1698" ordinal="8" offset="79" sl="78" path="0" offsetend="81" fileid="12" />
                <BranchPoint vc="1" uspid="1699" ordinal="9" offset="79" sl="78" path="1" offsetend="149" fileid="12" />
                <BranchPoint vc="1" uspid="1700" ordinal="10" offset="98" sl="78" path="0" offsetend="100" fileid="12" />
                <BranchPoint vc="0" uspid="1701" ordinal="11" offset="98" sl="78" path="1" offsetend="149" fileid="12" />
                <BranchPoint vc="1" uspid="1702" ordinal="12" offset="117" sl="78" path="0" offsetend="119" fileid="12" />
                <BranchPoint vc="0" uspid="1703" ordinal="13" offset="117" sl="78" path="1" offsetend="149" fileid="12" />
                <BranchPoint vc="1" uspid="1704" ordinal="14" offset="131" sl="78" path="0" offsetend="133" fileid="12" />
                <BranchPoint vc="1" uspid="1705" ordinal="15" offset="131" sl="78" path="1" offsetend="149" fileid="12" />
              </BranchPoints>
              <MethodPoint xsi:type="SequencePoint" vc="3" uspid="1683" ordinal="0" offset="0" sl="74" sc="9" el="74" ec="10" bec="0" bev="0" fileid="12" />
            </Method>
            <Method visited="true" cyclomaticComplexity="2" nPathComplexity="2" sequenceCoverage="100" branchCoverage="100" crapScore="2" isConstructor="false" isStatic="false" isGetter="false" isSetter="false">
              <Summary numSequencePoints="7" visitedSequencePoints="7" numBranchPoints="3" visitedBranchPoints="3" sequenceCoverage="100" branchCoverage="100" maxCyclomaticComplexity="2" minCyclomaticComplexity="2" maxCrapScore="2" minCrapScore="2" visitedClasses="0" numClasses="0" visitedMethods="1" numMethods="1" />
              <MetadataToken>100663396</MetadataToken>
              <Name>System.Int32 labor10.CorrespondenceStudent::CompareTo(System.Object)</Name>
              <FileRef uid="12" />
              <SequencePoints>
                <SequencePoint vc="2" uspid="1706" ordinal="0" offset="0" sl="86" sc="9" el="86" ec="10" bec="0" bev="0" fileid="12" />
                <SequencePoint vc="2" uspid="1707" ordinal="1" offset="1" sl="87" sc="13" el="87" ec="46" bec="2" bev="2" fileid="12" />
                <SequencePoint vc="1" uspid="1708" ordinal="2" offset="14" sl="88" sc="13" el="88" ec="14" bec="0" bev="0" fileid="12" />
                <SequencePoint vc="1" uspid="1709" ordinal="3" offset="15" sl="89" sc="17" el="89" ec="70" bec="0" bev="0" fileid="12" />
                <SequencePoint vc="1" uspid="1710" ordinal="4" offset="22" sl="90" sc="17" el="90" ec="52" bec="0" bev="0" fileid="12" />
                <SequencePoint vc="1" uspid="1711" ordinal="5" offset="42" sl="93" sc="17" el="93" ec="72" bec="0" bev="0" fileid="12" />
                <SequencePoint vc="1" uspid="1712" ordinal="6" offset="53" sl="94" sc="9" el="94" ec="10" bec="0" bev="0" fileid="12" />
              </SequencePoints>
              <BranchPoints>
                <BranchPoint vc="1" uspid="1713" ordinal="0" offset="12" sl="87" path="0" offsetend="14" fileid="12" />
                <BranchPoint vc="1" uspid="1714" ordinal="1" offset="12" sl="87" path="1" offsetend="42" fileid="12" />
              </BranchPoints>
              <MethodPoint xsi:type="SequencePoint" vc="2" uspid="1706" ordinal="0" offset="0" sl="86" sc="9" el="86" ec="10" bec="0" bev="0" fileid="12" />
            </Method>
            <Method visited="false" cyclomaticComplexity="1" nPathComplexity="0" sequenceCoverage="0" branchCoverage="0" crapScore="2" isConstructor="false" isStatic="false" isGetter="false" isSetter="false">
              <Summary numSequencePoints="3" visitedSequencePoints="0" numBranchPoints="1" visitedBranchPoints="0" sequenceCoverage="0" branchCoverage="0" maxCyclomaticComplexity="1" minCyclomaticComplexity="1" maxCrapScore="2" minCrapScore="2" visitedClasses="0" numClasses="0" visitedMethods="0" numMethods="1" />
              <MetadataToken>100663397</MetadataToken>
              <Name>System.Int32 labor10.CorrespondenceStudent::GetHashCode()</Name>
              <FileRef uid="12" />
              <SequencePoints>
                <SequencePoint vc="0" uspid="1715" ordinal="0" offset="0" sl="97" sc="9" el="97" ec="10" bec="0" bev="0" fileid="12" />
                <SequencePoint vc="0" uspid="1716" ordinal="1" offset="1" sl="98" sc="13" el="98" ec="39" bec="0" bev="0" fileid="12" />
                <SequencePoint vc="0" uspid="1717" ordinal="2" offset="10" sl="99" sc="9" el="99" ec="10" bec="0" bev="0" fileid="12" />
              </SequencePoints>
              <BranchPoints />
              <MethodPoint xsi:type="SequencePoint" vc="0" uspid="1715" ordinal="0" offset="0" sl="97" sc="9" el="97" ec="10" bec="0" bev="0" fileid="12" />
            </Method>
            <Method visited="true" cyclomaticComplexity="1" nPathComplexity="0" sequenceCoverage="100" branchCoverage="100" crapScore="1" isConstructor="true" isStatic="true" isGetter="false" isSetter="false">
              <Summary numSequencePoints="1" visitedSequencePoints="1" numBranchPoints="1" visitedBranchPoints="1" sequenceCoverage="100" branchCoverage="100" maxCyclomaticComplexity="1" minCyclomaticComplexity="1" maxCrapScore="1" minCrapScore="1" visitedClasses="0" numClasses="0" visitedMethods="1" numMethods="1" />
              <MetadataToken>100663398</MetadataToken>
              <Name>System.Void labor10.CorrespondenceStudent::.cctor()</Name>
              <FileRef uid="12" />
              <SequencePoints>
                <SequencePoint vc="1" uspid="1718" ordinal="0" offset="0" sl="25" sc="9" el="25" ec="50" bec="0" bev="0" fileid="12" />
              </SequencePoints>
              <BranchPoints />
              <MethodPoint xsi:type="SequencePoint" vc="1" uspid="1718" ordinal="0" offset="0" sl="25" sc="9" el="25" ec="50" bec="0" bev="0" fileid="12" />
            </Method>
          </Methods>
        </Class>
      </Classes>
    </Module>
  </Modules>
</CoverageSession>